4-16-2024 18:12:37 - log: Load engine in /Applications/Cocos/Creator/3.8.2/CocosCreator.app/Contents/Resources/resources/3d/engine
4-16-2024 18:12:38 - log: Profile changed: engine (modules.includeModules: 2d,animation,audio,base,dragon-bones,gfx-webgl,gfx-webgl2,intersection-2d,particle-2d,physics-2d-box2d,profiler,spine,tiled-map,tween,ui,video,webview)
4-16-2024 18:12:38 - log: Register native engine in /Applications/Cocos/Creator/3.8.2/CocosCreator.app/Contents/Resources/resources/3d/engine/native
4-16-2024 18:12:47 - log: [Scene] meshopt wasm decoder initialized
4-16-2024 18:12:47 - log: [Scene] [box2d]:box2d wasm lib loaded.
4-16-2024 18:12:47 - log: [Scene] [bullet]:bullet wasm lib loaded.
4-16-2024 18:12:48 - log: [Scene] [PHYSICS]: using builtin.
4-16-2024 18:12:49 - log: [Scene] Cocos Creator v3.8.2
4-16-2024 18:12:49 - info: [Scene] Forward render pipeline initialized.
4-16-2024 18:12:49 - warn: [Scene] The type of "NetworkConnect.hostname" must be CCString, not String.Error: [Scene] The type of "NetworkConnect.hostname" must be CCString, not String.
    at warn (/Applications/Cocos/Creator/3.8.2/CocosCreator.app/Contents/Resources/resources/3d/engine/bin/.cache/dev/editor/bundled/index.js:160729:12)
    at warnID (/Applications/Cocos/Creator/3.8.2/CocosCreator.app/Contents/Resources/resources/3d/engine/bin/.cache/dev/editor/bundled/index.js:160911:5)
    at parseType (/Applications/Cocos/Creator/3.8.2/CocosCreator.app/Contents/Resources/resources/3d/engine/bin/.cache/dev/editor/bundled/index.js:273517:11)
    at preprocessAttrs (/Applications/Cocos/Creator/3.8.2/CocosCreator.app/Contents/Resources/resources/3d/engine/bin/.cache/dev/editor/bundled/index.js:273632:11)
    at declareProperties (/Applications/Cocos/Creator/3.8.2/CocosCreator.app/Contents/Resources/resources/3d/engine/bin/.cache/dev/editor/bundled/index.js:138398:7)
    at CCClass (/Applications/Cocos/Creator/3.8.2/CocosCreator.app/Contents/Resources/resources/3d/engine/bin/.cache/dev/editor/bundled/index.js:138427:5)
    at eval (/Applications/Cocos/Creator/3.8.2/CocosCreator.app/Contents/Resources/resources/3d/engine/bin/.cache/dev/editor/bundled/index.js:271455:21)
4-16-2024 18:12:49 - warn: [Scene] The type of "NetworkConnect.port" must be CCFloat or CCInteger, not Number.Error: [Scene] The type of "NetworkConnect.port" must be CCFloat or CCInteger, not Number.
    at warn (/Applications/Cocos/Creator/3.8.2/CocosCreator.app/Contents/Resources/resources/3d/engine/bin/.cache/dev/editor/bundled/index.js:160729:12)
    at warnID (/Applications/Cocos/Creator/3.8.2/CocosCreator.app/Contents/Resources/resources/3d/engine/bin/.cache/dev/editor/bundled/index.js:160911:5)
    at parseType (/Applications/Cocos/Creator/3.8.2/CocosCreator.app/Contents/Resources/resources/3d/engine/bin/.cache/dev/editor/bundled/index.js:273527:11)
    at preprocessAttrs (/Applications/Cocos/Creator/3.8.2/CocosCreator.app/Contents/Resources/resources/3d/engine/bin/.cache/dev/editor/bundled/index.js:273632:11)
    at declareProperties (/Applications/Cocos/Creator/3.8.2/CocosCreator.app/Contents/Resources/resources/3d/engine/bin/.cache/dev/editor/bundled/index.js:138398:7)
    at CCClass (/Applications/Cocos/Creator/3.8.2/CocosCreator.app/Contents/Resources/resources/3d/engine/bin/.cache/dev/editor/bundled/index.js:138427:5)
    at eval (/Applications/Cocos/Creator/3.8.2/CocosCreator.app/Contents/Resources/resources/3d/engine/bin/.cache/dev/editor/bundled/index.js:271455:21)
4-16-2024 18:12:49 - warn: [Scene] The type of "NetworkConnect.useSSL" must be CCBoolean, not Boolean.Error: [Scene] The type of "NetworkConnect.useSSL" must be CCBoolean, not Boolean.
    at warn (/Applications/Cocos/Creator/3.8.2/CocosCreator.app/Contents/Resources/resources/3d/engine/bin/.cache/dev/editor/bundled/index.js:160729:12)
    at warnID (/Applications/Cocos/Creator/3.8.2/CocosCreator.app/Contents/Resources/resources/3d/engine/bin/.cache/dev/editor/bundled/index.js:160911:5)
    at parseType (/Applications/Cocos/Creator/3.8.2/CocosCreator.app/Contents/Resources/resources/3d/engine/bin/.cache/dev/editor/bundled/index.js:273522:11)
    at preprocessAttrs (/Applications/Cocos/Creator/3.8.2/CocosCreator.app/Contents/Resources/resources/3d/engine/bin/.cache/dev/editor/bundled/index.js:273632:11)
    at declareProperties (/Applications/Cocos/Creator/3.8.2/CocosCreator.app/Contents/Resources/resources/3d/engine/bin/.cache/dev/editor/bundled/index.js:138398:7)
    at CCClass (/Applications/Cocos/Creator/3.8.2/CocosCreator.app/Contents/Resources/resources/3d/engine/bin/.cache/dev/editor/bundled/index.js:138427:5)
    at eval (/Applications/Cocos/Creator/3.8.2/CocosCreator.app/Contents/Resources/resources/3d/engine/bin/.cache/dev/editor/bundled/index.js:271455:21)
4-16-2024 18:12:49 - warn: [Scene] No needs to indicate the 'cc.String' attribute for "NetworkConnect.hostname", which its default value is type of String.Error: [Scene] No needs to indicate the 'cc.String' attribute for "NetworkConnect.hostname", which its default value is type of String.
    at warn (/Applications/Cocos/Creator/3.8.2/CocosCreator.app/Contents/Resources/resources/3d/engine/bin/.cache/dev/editor/bundled/index.js:160729:12)
    at warnID (/Applications/Cocos/Creator/3.8.2/CocosCreator.app/Contents/Resources/resources/3d/engine/bin/.cache/dev/editor/bundled/index.js:160911:5)
    at Array.eval (/Applications/Cocos/Creator/3.8.2/CocosCreator.app/Contents/Resources/resources/3d/engine/bin/.cache/dev/editor/bundled/index.js:272835:11)
    at defineProp (/Applications/Cocos/Creator/3.8.2/CocosCreator.app/Contents/Resources/resources/3d/engine/bin/.cache/dev/editor/bundled/index.js:138241:27)
    at declareProperties (/Applications/Cocos/Creator/3.8.2/CocosCreator.app/Contents/Resources/resources/3d/engine/bin/.cache/dev/editor/bundled/index.js:138402:11)
    at CCClass (/Applications/Cocos/Creator/3.8.2/CocosCreator.app/Contents/Resources/resources/3d/engine/bin/.cache/dev/editor/bundled/index.js:138427:5)
    at eval (/Applications/Cocos/Creator/3.8.2/CocosCreator.app/Contents/Resources/resources/3d/engine/bin/.cache/dev/editor/bundled/index.js:271455:21)
4-16-2024 18:12:49 - warn: [Scene] No needs to indicate the 'cc.Boolean' attribute for "NetworkConnect.useSSL", which its default value is type of Boolean.Error: [Scene] No needs to indicate the 'cc.Boolean' attribute for "NetworkConnect.useSSL", which its default value is type of Boolean.
    at warn (/Applications/Cocos/Creator/3.8.2/CocosCreator.app/Contents/Resources/resources/3d/engine/bin/.cache/dev/editor/bundled/index.js:160729:12)
    at warnID (/Applications/Cocos/Creator/3.8.2/CocosCreator.app/Contents/Resources/resources/3d/engine/bin/.cache/dev/editor/bundled/index.js:160911:5)
    at Array.eval (/Applications/Cocos/Creator/3.8.2/CocosCreator.app/Contents/Resources/resources/3d/engine/bin/.cache/dev/editor/bundled/index.js:272835:11)
    at defineProp (/Applications/Cocos/Creator/3.8.2/CocosCreator.app/Contents/Resources/resources/3d/engine/bin/.cache/dev/editor/bundled/index.js:138241:27)
    at declareProperties (/Applications/Cocos/Creator/3.8.2/CocosCreator.app/Contents/Resources/resources/3d/engine/bin/.cache/dev/editor/bundled/index.js:138402:11)
    at CCClass (/Applications/Cocos/Creator/3.8.2/CocosCreator.app/Contents/Resources/resources/3d/engine/bin/.cache/dev/editor/bundled/index.js:138427:5)
    at eval (/Applications/Cocos/Creator/3.8.2/CocosCreator.app/Contents/Resources/resources/3d/engine/bin/.cache/dev/editor/bundled/index.js:271455:21)
4-16-2024 18:12:49 - log: [Scene] [PHYSICS2D]: switch from box2d-wasm to box2d.
4-16-2024 18:12:53 - warn: Please set the application in Preferences -> Program Manager -> Default Script Editor to better open the script
4-16-2024 18:13:04 - warn: [Scene] The type of "NetworkConnect.hostname" must be CCString, not String.Error: [Scene] The type of "NetworkConnect.hostname" must be CCString, not String.
    at warn (/Applications/Cocos/Creator/3.8.2/CocosCreator.app/Contents/Resources/resources/3d/engine/bin/.cache/dev/editor/bundled/index.js:160729:12)
    at warnID (/Applications/Cocos/Creator/3.8.2/CocosCreator.app/Contents/Resources/resources/3d/engine/bin/.cache/dev/editor/bundled/index.js:160911:5)
    at parseType (/Applications/Cocos/Creator/3.8.2/CocosCreator.app/Contents/Resources/resources/3d/engine/bin/.cache/dev/editor/bundled/index.js:273517:11)
    at preprocessAttrs (/Applications/Cocos/Creator/3.8.2/CocosCreator.app/Contents/Resources/resources/3d/engine/bin/.cache/dev/editor/bundled/index.js:273632:11)
    at declareProperties (/Applications/Cocos/Creator/3.8.2/CocosCreator.app/Contents/Resources/resources/3d/engine/bin/.cache/dev/editor/bundled/index.js:138398:7)
    at CCClass (/Applications/Cocos/Creator/3.8.2/CocosCreator.app/Contents/Resources/resources/3d/engine/bin/.cache/dev/editor/bundled/index.js:138427:5)
    at eval (/Applications/Cocos/Creator/3.8.2/CocosCreator.app/Contents/Resources/resources/3d/engine/bin/.cache/dev/editor/bundled/index.js:271455:21)
4-16-2024 18:13:04 - warn: [Scene] The type of "NetworkConnect.port" must be CCFloat or CCInteger, not Number.Error: [Scene] The type of "NetworkConnect.port" must be CCFloat or CCInteger, not Number.
    at warn (/Applications/Cocos/Creator/3.8.2/CocosCreator.app/Contents/Resources/resources/3d/engine/bin/.cache/dev/editor/bundled/index.js:160729:12)
    at warnID (/Applications/Cocos/Creator/3.8.2/CocosCreator.app/Contents/Resources/resources/3d/engine/bin/.cache/dev/editor/bundled/index.js:160911:5)
    at parseType (/Applications/Cocos/Creator/3.8.2/CocosCreator.app/Contents/Resources/resources/3d/engine/bin/.cache/dev/editor/bundled/index.js:273527:11)
    at preprocessAttrs (/Applications/Cocos/Creator/3.8.2/CocosCreator.app/Contents/Resources/resources/3d/engine/bin/.cache/dev/editor/bundled/index.js:273632:11)
    at declareProperties (/Applications/Cocos/Creator/3.8.2/CocosCreator.app/Contents/Resources/resources/3d/engine/bin/.cache/dev/editor/bundled/index.js:138398:7)
    at CCClass (/Applications/Cocos/Creator/3.8.2/CocosCreator.app/Contents/Resources/resources/3d/engine/bin/.cache/dev/editor/bundled/index.js:138427:5)
    at eval (/Applications/Cocos/Creator/3.8.2/CocosCreator.app/Contents/Resources/resources/3d/engine/bin/.cache/dev/editor/bundled/index.js:271455:21)
4-16-2024 18:13:04 - warn: [Scene] The type of "NetworkConnect.useSSL" must be CCBoolean, not Boolean.Error: [Scene] The type of "NetworkConnect.useSSL" must be CCBoolean, not Boolean.
    at warn (/Applications/Cocos/Creator/3.8.2/CocosCreator.app/Contents/Resources/resources/3d/engine/bin/.cache/dev/editor/bundled/index.js:160729:12)
    at warnID (/Applications/Cocos/Creator/3.8.2/CocosCreator.app/Contents/Resources/resources/3d/engine/bin/.cache/dev/editor/bundled/index.js:160911:5)
    at parseType (/Applications/Cocos/Creator/3.8.2/CocosCreator.app/Contents/Resources/resources/3d/engine/bin/.cache/dev/editor/bundled/index.js:273522:11)
    at preprocessAttrs (/Applications/Cocos/Creator/3.8.2/CocosCreator.app/Contents/Resources/resources/3d/engine/bin/.cache/dev/editor/bundled/index.js:273632:11)
    at declareProperties (/Applications/Cocos/Creator/3.8.2/CocosCreator.app/Contents/Resources/resources/3d/engine/bin/.cache/dev/editor/bundled/index.js:138398:7)
    at CCClass (/Applications/Cocos/Creator/3.8.2/CocosCreator.app/Contents/Resources/resources/3d/engine/bin/.cache/dev/editor/bundled/index.js:138427:5)
    at eval (/Applications/Cocos/Creator/3.8.2/CocosCreator.app/Contents/Resources/resources/3d/engine/bin/.cache/dev/editor/bundled/index.js:271455:21)
4-16-2024 18:13:04 - warn: [Scene] No needs to indicate the 'cc.String' attribute for "NetworkConnect.hostname", which its default value is type of String.Error: [Scene] No needs to indicate the 'cc.String' attribute for "NetworkConnect.hostname", which its default value is type of String.
    at warn (/Applications/Cocos/Creator/3.8.2/CocosCreator.app/Contents/Resources/resources/3d/engine/bin/.cache/dev/editor/bundled/index.js:160729:12)
    at warnID (/Applications/Cocos/Creator/3.8.2/CocosCreator.app/Contents/Resources/resources/3d/engine/bin/.cache/dev/editor/bundled/index.js:160911:5)
    at Array.eval (/Applications/Cocos/Creator/3.8.2/CocosCreator.app/Contents/Resources/resources/3d/engine/bin/.cache/dev/editor/bundled/index.js:272835:11)
    at defineProp (/Applications/Cocos/Creator/3.8.2/CocosCreator.app/Contents/Resources/resources/3d/engine/bin/.cache/dev/editor/bundled/index.js:138241:27)
    at declareProperties (/Applications/Cocos/Creator/3.8.2/CocosCreator.app/Contents/Resources/resources/3d/engine/bin/.cache/dev/editor/bundled/index.js:138402:11)
    at CCClass (/Applications/Cocos/Creator/3.8.2/CocosCreator.app/Contents/Resources/resources/3d/engine/bin/.cache/dev/editor/bundled/index.js:138427:5)
    at eval (/Applications/Cocos/Creator/3.8.2/CocosCreator.app/Contents/Resources/resources/3d/engine/bin/.cache/dev/editor/bundled/index.js:271455:21)
4-16-2024 18:13:04 - warn: [Scene] No needs to indicate the 'cc.Boolean' attribute for "NetworkConnect.useSSL", which its default value is type of Boolean.Error: [Scene] No needs to indicate the 'cc.Boolean' attribute for "NetworkConnect.useSSL", which its default value is type of Boolean.
    at warn (/Applications/Cocos/Creator/3.8.2/CocosCreator.app/Contents/Resources/resources/3d/engine/bin/.cache/dev/editor/bundled/index.js:160729:12)
    at warnID (/Applications/Cocos/Creator/3.8.2/CocosCreator.app/Contents/Resources/resources/3d/engine/bin/.cache/dev/editor/bundled/index.js:160911:5)
    at Array.eval (/Applications/Cocos/Creator/3.8.2/CocosCreator.app/Contents/Resources/resources/3d/engine/bin/.cache/dev/editor/bundled/index.js:272835:11)
    at defineProp (/Applications/Cocos/Creator/3.8.2/CocosCreator.app/Contents/Resources/resources/3d/engine/bin/.cache/dev/editor/bundled/index.js:138241:27)
    at declareProperties (/Applications/Cocos/Creator/3.8.2/CocosCreator.app/Contents/Resources/resources/3d/engine/bin/.cache/dev/editor/bundled/index.js:138402:11)
    at CCClass (/Applications/Cocos/Creator/3.8.2/CocosCreator.app/Contents/Resources/resources/3d/engine/bin/.cache/dev/editor/bundled/index.js:138427:5)
    at eval (/Applications/Cocos/Creator/3.8.2/CocosCreator.app/Contents/Resources/resources/3d/engine/bin/.cache/dev/editor/bundled/index.js:271455:21)
