18:12:44 debug: 4/16/2024, 6:12:44 PM
18:12:44 debug: Project: /Users/waostudio/Downloads/Telegram Desktop/TigerDragon4
18:12:44 debug: Targets: editor,preview
18:12:44 debug: Incremental file seems great.
18:12:44 debug: Engine path: /Applications/Cocos/Creator/3.8.2/CocosCreator.app/Contents/Resources/resources/3d/engine
18:12:44 debug: Initializing target [Editor]
18:12:44 debug: Loading cache
18:12:44 debug: Loading cache costs 0.9174579977989197ms.
18:12:44 debug: Engine features shipped in editor: base,gfx-webgl,gfx-webgl2,gfx-empty,3d,animation,skeletal-animation,2d,ui,particle,particle-2d,physics-framework,physics-2d-framework,physics-2d-box2d-wasm,intersection-2d,primitive,profiler,occlusion-query,geometry-renderer,debug-renderer,audio,video,xr,light-probe,terrain,webview,tween,tiled-map,spine,dragon-bones,marionette,procedural-animation,custom-pipeline,websocket,websocket-server
18:12:44 debug: Our import map(foo:/bar): {
  "imports": {
    "cc": "cce:/internal/x/cc"
  }
}
18:12:44 debug: Initializing target [Preview]
18:12:44 debug: Loading cache
18:12:44 debug: Loading cache costs 0.6762090027332306ms.
18:12:44 debug: Our import map(foo:/bar): {
  "imports": {
    "cc": "cce:/internal/x/cc"
  }
}
18:12:44 debug: Sync engine features: 2d,animation,audio,base,dragon-bones,gfx-webgl,gfx-webgl2,intersection-2d,particle-2d,physics-2d-box2d,profiler,spine,tiled-map,tween,ui,video,webview
18:12:44 debug: Reset databases. Enumerated domains: [
  {
    "root": "db://internal/",
    "physical": "/Applications/Cocos/Creator/3.8.2/CocosCreator.app/Contents/Resources/resources/3d/engine/editor/assets"
  },
  {
    "root": "db://assets/",
    "physical": "/Users/waostudio/Downloads/Telegram Desktop/TigerDragon4/assets"
  },
  {
    "root": "db://colyseus-sdk/",
    "physical": "/Users/waostudio/Downloads/Telegram Desktop/TigerDragon4/extensions/Colyseus Multiplayer SDK/runtime",
    "jail": "/Users/waostudio/Downloads/Telegram Desktop/TigerDragon4/extensions/Colyseus Multiplayer SDK/runtime"
  }
]
18:12:44 debug: Our import map(foo:/bar): {
  "imports": {
    "cc": "cce:/internal/x/cc",
    "db://internal/": "file:///Applications/Cocos/Creator/3.8.2/CocosCreator.app/Contents/Resources/resources/3d/engine/editor/assets/",
    "db://assets/": "file:///Users/waostudio/Downloads/Telegram%20Desktop/TigerDragon4/assets/",
    "db://colyseus-sdk/": "file:///Users/waostudio/Downloads/Telegram%20Desktop/TigerDragon4/extensions/Colyseus%20Multiplayer%20SDK/runtime/"
  }
}
18:12:44 debug: Our import map(foo:/bar): {
  "imports": {
    "cc": "cce:/internal/x/cc",
    "db://internal/": "file:///Applications/Cocos/Creator/3.8.2/CocosCreator.app/Contents/Resources/resources/3d/engine/editor/assets/",
    "db://assets/": "file:///Users/waostudio/Downloads/Telegram%20Desktop/TigerDragon4/assets/",
    "db://colyseus-sdk/": "file:///Users/waostudio/Downloads/Telegram%20Desktop/TigerDragon4/extensions/Colyseus%20Multiplayer%20SDK/runtime/"
  }
}
18:12:44 debug: Pulling asset-db.
18:12:44 debug: Fetch asset-db cost: 6.412124991416931ms.
18:12:44 debug: Build iteration starts.
Number of accumulated asset changes: 6
Feature changed: false
18:12:44 debug: Target(editor) build started.
18:12:44 debug: Detected change: cce:/internal/x/cc. Last mtime: Thu Jan 01 1970 08:00:07 GMT+0800 (Indochina Time), Current mtime: Thu Jan 01 1970 08:00:06 GMT+0800 (Indochina Time)
18:12:44 debug: Inspect cce:/internal/x/cc
18:12:44 debug: Resolve cce:/internal/x/cc-fu/base from cce:/internal/x/cc as external dependency cce:/internal/x/cc-fu/base.
18:12:44 debug: Resolve cce:/internal/x/cc-fu/gfx-webgl from cce:/internal/x/cc as external dependency cce:/internal/x/cc-fu/gfx-webgl.
18:12:44 debug: Resolve cce:/internal/x/cc-fu/gfx-webgl2 from cce:/internal/x/cc as external dependency cce:/internal/x/cc-fu/gfx-webgl2.
18:12:44 debug: Resolve cce:/internal/x/cc-fu/gfx-empty from cce:/internal/x/cc as external dependency cce:/internal/x/cc-fu/gfx-empty.
18:12:44 debug: Resolve cce:/internal/x/cc-fu/3d from cce:/internal/x/cc as external dependency cce:/internal/x/cc-fu/3d.
18:12:44 debug: Resolve cce:/internal/x/cc-fu/animation from cce:/internal/x/cc as external dependency cce:/internal/x/cc-fu/animation.
18:12:44 debug: Resolve cce:/internal/x/cc-fu/skeletal-animation from cce:/internal/x/cc as external dependency cce:/internal/x/cc-fu/skeletal-animation.
18:12:44 debug: Resolve cce:/internal/x/cc-fu/2d from cce:/internal/x/cc as external dependency cce:/internal/x/cc-fu/2d.
18:12:44 debug: Resolve cce:/internal/x/cc-fu/sorting from cce:/internal/x/cc as external dependency cce:/internal/x/cc-fu/sorting.
18:12:44 debug: Resolve cce:/internal/x/cc-fu/ui from cce:/internal/x/cc as external dependency cce:/internal/x/cc-fu/ui.
18:12:44 debug: Resolve cce:/internal/x/cc-fu/particle from cce:/internal/x/cc as external dependency cce:/internal/x/cc-fu/particle.
18:12:44 debug: Resolve cce:/internal/x/cc-fu/particle-2d from cce:/internal/x/cc as external dependency cce:/internal/x/cc-fu/particle-2d.
18:12:44 debug: Resolve cce:/internal/x/cc-fu/physics-framework from cce:/internal/x/cc as external dependency cce:/internal/x/cc-fu/physics-framework.
18:12:44 debug: Resolve cce:/internal/x/cc-fu/physics-2d-framework from cce:/internal/x/cc as external dependency cce:/internal/x/cc-fu/physics-2d-framework.
18:12:44 debug: Resolve cce:/internal/x/cc-fu/physics-2d-box2d-wasm from cce:/internal/x/cc as external dependency cce:/internal/x/cc-fu/physics-2d-box2d-wasm.
18:12:44 debug: Resolve cce:/internal/x/cc-fu/intersection-2d from cce:/internal/x/cc as external dependency cce:/internal/x/cc-fu/intersection-2d.
18:12:44 debug: Resolve cce:/internal/x/cc-fu/primitive from cce:/internal/x/cc as external dependency cce:/internal/x/cc-fu/primitive.
18:12:44 debug: Resolve cce:/internal/x/cc-fu/profiler from cce:/internal/x/cc as external dependency cce:/internal/x/cc-fu/profiler.
18:12:44 debug: Resolve cce:/internal/x/cc-fu/geometry-renderer from cce:/internal/x/cc as external dependency cce:/internal/x/cc-fu/geometry-renderer.
18:12:44 debug: Resolve cce:/internal/x/cc-fu/audio from cce:/internal/x/cc as external dependency cce:/internal/x/cc-fu/audio.
18:12:44 debug: Resolve cce:/internal/x/cc-fu/video from cce:/internal/x/cc as external dependency cce:/internal/x/cc-fu/video.
18:12:44 debug: Resolve cce:/internal/x/cc-fu/xr from cce:/internal/x/cc as external dependency cce:/internal/x/cc-fu/xr.
18:12:44 debug: Resolve cce:/internal/x/cc-fu/light-probe from cce:/internal/x/cc as external dependency cce:/internal/x/cc-fu/light-probe.
18:12:44 debug: Resolve cce:/internal/x/cc-fu/terrain from cce:/internal/x/cc as external dependency cce:/internal/x/cc-fu/terrain.
18:12:44 debug: Resolve cce:/internal/x/cc-fu/webview from cce:/internal/x/cc as external dependency cce:/internal/x/cc-fu/webview.
18:12:44 debug: Resolve cce:/internal/x/cc-fu/tween from cce:/internal/x/cc as external dependency cce:/internal/x/cc-fu/tween.
18:12:44 debug: Resolve cce:/internal/x/cc-fu/tiled-map from cce:/internal/x/cc as external dependency cce:/internal/x/cc-fu/tiled-map.
18:12:44 debug: Resolve cce:/internal/x/cc-fu/spine from cce:/internal/x/cc as external dependency cce:/internal/x/cc-fu/spine.
18:12:44 debug: Resolve cce:/internal/x/cc-fu/dragon-bones from cce:/internal/x/cc as external dependency cce:/internal/x/cc-fu/dragon-bones.
18:12:44 debug: Resolve cce:/internal/x/cc-fu/custom-pipeline from cce:/internal/x/cc as external dependency cce:/internal/x/cc-fu/custom-pipeline.
18:12:44 debug: Detected change: cce:/internal/x/prerequisite-imports. Last mtime: Thu Jan 01 1970 16:22:22 GMT+0800 (Indochina Time), Current mtime: Thu Jan 01 1970 08:00:06 GMT+0800 (Indochina Time)
18:12:44 debug: Inspect cce:/internal/x/prerequisite-imports
18:12:44 debug: Resolve file:///Applications/Cocos/Creator/3.8.2/CocosCreator.app/Contents/Resources/resources/3d/engine/editor/assets/tools/debug-view-runtime-control.ts from cce:/internal/x/prerequisite-imports as file:///Applications/Cocos/Creator/3.8.2/CocosCreator.app/Contents/Resources/resources/3d/engine/editor/assets/tools/debug-view-runtime-control.ts.
18:12:44 debug: Resolve cc from file:///Applications/Cocos/Creator/3.8.2/CocosCreator.app/Contents/Resources/resources/3d/engine/editor/assets/tools/debug-view-runtime-control.ts as cce:/internal/x/cc.
18:12:44 debug: Resolve cc from file:///Applications/Cocos/Creator/3.8.2/CocosCreator.app/Contents/Resources/resources/3d/engine/editor/assets/tools/debug-view-runtime-control.ts as cce:/internal/x/cc.
18:12:44 debug: Resolve cc from file:///Applications/Cocos/Creator/3.8.2/CocosCreator.app/Contents/Resources/resources/3d/engine/editor/assets/tools/debug-view-runtime-control.ts as cce:/internal/x/cc.
18:12:44 debug: Resolve file:///Users/waostudio/Downloads/Telegram%20Desktop/TigerDragon4/assets/Scripts/Chip.ts from cce:/internal/x/prerequisite-imports as file:///Users/waostudio/Downloads/Telegram%20Desktop/TigerDragon4/assets/Scripts/Chip.ts.
18:12:44 debug: Resolve cc from file:///Users/waostudio/Downloads/Telegram%20Desktop/TigerDragon4/assets/Scripts/Chip.ts as cce:/internal/x/cc.
18:12:44 debug: Resolve cc from file:///Users/waostudio/Downloads/Telegram%20Desktop/TigerDragon4/assets/Scripts/Chip.ts as cce:/internal/x/cc.
18:12:44 debug: Resolve cc from file:///Users/waostudio/Downloads/Telegram%20Desktop/TigerDragon4/assets/Scripts/Chip.ts as cce:/internal/x/cc.
18:12:44 debug: Resolve file:///Users/waostudio/Downloads/Telegram%20Desktop/TigerDragon4/assets/Scripts/GameController.ts from cce:/internal/x/prerequisite-imports as file:///Users/waostudio/Downloads/Telegram%20Desktop/TigerDragon4/assets/Scripts/GameController.ts.
18:12:44 debug: Resolve cce:/internal/code-quality/cr.mjs from file:///Users/waostudio/Downloads/Telegram%20Desktop/TigerDragon4/assets/Scripts/GameController.ts as cce:/internal/code-quality/cr.mjs.
18:12:44 debug: Detected change: cce:/internal/code-quality/cr.mjs. Last mtime: Tue Apr 16 2024 09:42:52 GMT+0700 (Indochina Time), Current mtime: Tue Apr 16 2024 18:12:38 GMT+0700 (Indochina Time)
18:12:44 debug: Inspect cce:/internal/code-quality/cr.mjs
18:12:44 debug: Resolve cc from file:///Users/waostudio/Downloads/Telegram%20Desktop/TigerDragon4/assets/Scripts/GameController.ts as cce:/internal/x/cc.
18:12:44 debug: Resolve cc from file:///Users/waostudio/Downloads/Telegram%20Desktop/TigerDragon4/assets/Scripts/GameController.ts as cce:/internal/x/cc.
18:12:44 debug: Resolve cc from file:///Users/waostudio/Downloads/Telegram%20Desktop/TigerDragon4/assets/Scripts/GameController.ts as cce:/internal/x/cc.
18:12:44 debug: Resolve ./Chip from file:///Users/waostudio/Downloads/Telegram%20Desktop/TigerDragon4/assets/Scripts/GameController.ts as file:///Users/waostudio/Downloads/Telegram%20Desktop/TigerDragon4/assets/Scripts/Chip.ts.
18:12:44 debug: Resolve ./NetworkConnect from file:///Users/waostudio/Downloads/Telegram%20Desktop/TigerDragon4/assets/Scripts/GameController.ts as file:///Users/waostudio/Downloads/Telegram%20Desktop/TigerDragon4/assets/Scripts/NetworkConnect.ts.
18:12:44 debug: Resolve cce:/internal/code-quality/cr.mjs from file:///Users/waostudio/Downloads/Telegram%20Desktop/TigerDragon4/assets/Scripts/NetworkConnect.ts as cce:/internal/code-quality/cr.mjs.
18:12:44 debug: Resolve cc from file:///Users/waostudio/Downloads/Telegram%20Desktop/TigerDragon4/assets/Scripts/NetworkConnect.ts as cce:/internal/x/cc.
18:12:44 debug: Resolve cc from file:///Users/waostudio/Downloads/Telegram%20Desktop/TigerDragon4/assets/Scripts/NetworkConnect.ts as cce:/internal/x/cc.
18:12:44 debug: Resolve cc from file:///Users/waostudio/Downloads/Telegram%20Desktop/TigerDragon4/assets/Scripts/NetworkConnect.ts as cce:/internal/x/cc.
18:12:44 debug: Create cjs interop url for 'file:///Users/waostudio/Downloads/Telegram%20Desktop/TigerDragon4/extensions/Colyseus%20Multiplayer%20SDK/runtime/colyseus.js'
18:12:44 debug: Resolve db://colyseus-sdk/colyseus.js from file:///Users/waostudio/Downloads/Telegram%20Desktop/TigerDragon4/assets/Scripts/NetworkConnect.ts as file:///Users/waostudio/Downloads/Telegram%20Desktop/TigerDragon4/extensions/Colyseus%20Multiplayer%20SDK/runtime/colyseus.mjs?cjs=&original=.js.
18:12:44 debug: Resolve cce:/internal/code-quality/cr.mjs from file:///Users/waostudio/Downloads/Telegram%20Desktop/TigerDragon4/extensions/Colyseus%20Multiplayer%20SDK/runtime/colyseus.mjs?cjs=&original=.js as cce:/internal/code-quality/cr.mjs.
18:12:44 debug: Resolve ./colyseus.js from file:///Users/waostudio/Downloads/Telegram%20Desktop/TigerDragon4/extensions/Colyseus%20Multiplayer%20SDK/runtime/colyseus.mjs?cjs=&original=.js as file:///Users/waostudio/Downloads/Telegram%20Desktop/TigerDragon4/extensions/Colyseus%20Multiplayer%20SDK/runtime/colyseus.js.
18:12:44 debug: Detected change: file:///Users/waostudio/Downloads/Telegram%20Desktop/TigerDragon4/extensions/Colyseus%20Multiplayer%20SDK/runtime/colyseus.js. Last mtime: Mon Apr 15 2024 11:35:20 GMT+0700 (Indochina Time)@b554cfc3-98f3-4c04-ac8b-fd4ca2621ffb, Current mtime: Mon Apr 15 2024 11:35:20 GMT+0700 (Indochina Time)
18:12:44 debug: Inspect file:///Users/waostudio/Downloads/Telegram%20Desktop/TigerDragon4/extensions/Colyseus%20Multiplayer%20SDK/runtime/colyseus.js
18:12:45 debug: Resolve cce:/internal/ml/cjs-loader.mjs from file:///Users/waostudio/Downloads/Telegram%20Desktop/TigerDragon4/extensions/Colyseus%20Multiplayer%20SDK/runtime/colyseus.js as cce:/internal/ml/cjs-loader.mjs.
18:12:45 debug: Detected change: cce:/internal/ml/cjs-loader.mjs. Last mtime: Tue Apr 16 2024 09:42:52 GMT+0700 (Indochina Time), Current mtime: Tue Apr 16 2024 18:12:38 GMT+0700 (Indochina Time)
18:12:45 debug: Inspect cce:/internal/ml/cjs-loader.mjs
18:12:45 debug: Resolve cce:/internal/ml/cjs-loader.mjs from file:///Users/waostudio/Downloads/Telegram%20Desktop/TigerDragon4/extensions/Colyseus%20Multiplayer%20SDK/runtime/colyseus.mjs?cjs=&original=.js as cce:/internal/ml/cjs-loader.mjs.
18:12:45 debug: Resolve ./colyseus.js from file:///Users/waostudio/Downloads/Telegram%20Desktop/TigerDragon4/extensions/Colyseus%20Multiplayer%20SDK/runtime/colyseus.mjs?cjs=&original=.js as file:///Users/waostudio/Downloads/Telegram%20Desktop/TigerDragon4/extensions/Colyseus%20Multiplayer%20SDK/runtime/colyseus.js.
18:12:45 debug: Resolve ./colyseus.js from file:///Users/waostudio/Downloads/Telegram%20Desktop/TigerDragon4/extensions/Colyseus%20Multiplayer%20SDK/runtime/colyseus.mjs?cjs=&original=.js as file:///Users/waostudio/Downloads/Telegram%20Desktop/TigerDragon4/extensions/Colyseus%20Multiplayer%20SDK/runtime/colyseus.js.
18:12:45 debug: Resolve file:///Users/waostudio/Downloads/Telegram%20Desktop/TigerDragon4/assets/Scripts/NetworkConnect.ts from cce:/internal/x/prerequisite-imports as file:///Users/waostudio/Downloads/Telegram%20Desktop/TigerDragon4/assets/Scripts/NetworkConnect.ts.
18:12:45 debug: Resolve file:///Users/waostudio/Downloads/Telegram%20Desktop/TigerDragon4/assets/Scripts/PlayerList.ts from cce:/internal/x/prerequisite-imports as file:///Users/waostudio/Downloads/Telegram%20Desktop/TigerDragon4/assets/Scripts/PlayerList.ts.
18:12:45 debug: Resolve cc from file:///Users/waostudio/Downloads/Telegram%20Desktop/TigerDragon4/assets/Scripts/PlayerList.ts as cce:/internal/x/cc.
18:12:45 debug: Resolve cc from file:///Users/waostudio/Downloads/Telegram%20Desktop/TigerDragon4/assets/Scripts/PlayerList.ts as cce:/internal/x/cc.
18:12:45 debug: Resolve cc from file:///Users/waostudio/Downloads/Telegram%20Desktop/TigerDragon4/assets/Scripts/PlayerList.ts as cce:/internal/x/cc.
18:12:45 debug: Target(editor) ends with cost 707.399209022522ms.
18:12:45 debug: Target(preview) build started.
18:12:45 debug: Detected change: cce:/internal/x/cc. Last mtime: Thu Jan 01 1970 08:00:07 GMT+0800 (Indochina Time), Current mtime: Thu Jan 01 1970 08:00:06 GMT+0800 (Indochina Time)
18:12:45 debug: Inspect cce:/internal/x/cc
18:12:45 debug: Resolve cce:/internal/x/cc-fu/2d from cce:/internal/x/cc as external dependency cce:/internal/x/cc-fu/2d.
18:12:45 debug: Resolve cce:/internal/x/cc-fu/sorting from cce:/internal/x/cc as external dependency cce:/internal/x/cc-fu/sorting.
18:12:45 debug: Resolve cce:/internal/x/cc-fu/animation from cce:/internal/x/cc as external dependency cce:/internal/x/cc-fu/animation.
18:12:45 debug: Resolve cce:/internal/x/cc-fu/audio from cce:/internal/x/cc as external dependency cce:/internal/x/cc-fu/audio.
18:12:45 debug: Resolve cce:/internal/x/cc-fu/base from cce:/internal/x/cc as external dependency cce:/internal/x/cc-fu/base.
18:12:45 debug: Resolve cce:/internal/x/cc-fu/dragon-bones from cce:/internal/x/cc as external dependency cce:/internal/x/cc-fu/dragon-bones.
18:12:45 debug: Resolve cce:/internal/x/cc-fu/gfx-webgl from cce:/internal/x/cc as external dependency cce:/internal/x/cc-fu/gfx-webgl.
18:12:45 debug: Resolve cce:/internal/x/cc-fu/gfx-webgl2 from cce:/internal/x/cc as external dependency cce:/internal/x/cc-fu/gfx-webgl2.
18:12:45 debug: Resolve cce:/internal/x/cc-fu/intersection-2d from cce:/internal/x/cc as external dependency cce:/internal/x/cc-fu/intersection-2d.
18:12:45 debug: Resolve cce:/internal/x/cc-fu/particle-2d from cce:/internal/x/cc as external dependency cce:/internal/x/cc-fu/particle-2d.
18:12:45 debug: Resolve cce:/internal/x/cc-fu/physics-2d-box2d from cce:/internal/x/cc as external dependency cce:/internal/x/cc-fu/physics-2d-box2d.
18:12:45 debug: Resolve cce:/internal/x/cc-fu/physics-2d-framework from cce:/internal/x/cc as external dependency cce:/internal/x/cc-fu/physics-2d-framework.
18:12:45 debug: Resolve cce:/internal/x/cc-fu/profiler from cce:/internal/x/cc as external dependency cce:/internal/x/cc-fu/profiler.
18:12:45 debug: Resolve cce:/internal/x/cc-fu/spine from cce:/internal/x/cc as external dependency cce:/internal/x/cc-fu/spine.
18:12:45 debug: Resolve cce:/internal/x/cc-fu/tiled-map from cce:/internal/x/cc as external dependency cce:/internal/x/cc-fu/tiled-map.
18:12:45 debug: Resolve cce:/internal/x/cc-fu/tween from cce:/internal/x/cc as external dependency cce:/internal/x/cc-fu/tween.
18:12:45 debug: Resolve cce:/internal/x/cc-fu/ui from cce:/internal/x/cc as external dependency cce:/internal/x/cc-fu/ui.
18:12:45 debug: Resolve cce:/internal/x/cc-fu/video from cce:/internal/x/cc as external dependency cce:/internal/x/cc-fu/video.
18:12:45 debug: Resolve cce:/internal/x/cc-fu/webview from cce:/internal/x/cc as external dependency cce:/internal/x/cc-fu/webview.
18:12:45 debug: Detected change: cce:/internal/x/prerequisite-imports. Last mtime: Thu Jan 01 1970 16:22:22 GMT+0800 (Indochina Time), Current mtime: Thu Jan 01 1970 08:00:07 GMT+0800 (Indochina Time)
18:12:45 debug: Inspect cce:/internal/x/prerequisite-imports
18:12:45 debug: Resolve file:///Applications/Cocos/Creator/3.8.2/CocosCreator.app/Contents/Resources/resources/3d/engine/editor/assets/tools/debug-view-runtime-control.ts from cce:/internal/x/prerequisite-imports as file:///Applications/Cocos/Creator/3.8.2/CocosCreator.app/Contents/Resources/resources/3d/engine/editor/assets/tools/debug-view-runtime-control.ts.
18:12:45 debug: Resolve cc from file:///Applications/Cocos/Creator/3.8.2/CocosCreator.app/Contents/Resources/resources/3d/engine/editor/assets/tools/debug-view-runtime-control.ts as cce:/internal/x/cc.
18:12:45 debug: Resolve cc from file:///Applications/Cocos/Creator/3.8.2/CocosCreator.app/Contents/Resources/resources/3d/engine/editor/assets/tools/debug-view-runtime-control.ts as cce:/internal/x/cc.
18:12:45 debug: Resolve cc from file:///Applications/Cocos/Creator/3.8.2/CocosCreator.app/Contents/Resources/resources/3d/engine/editor/assets/tools/debug-view-runtime-control.ts as cce:/internal/x/cc.
18:12:45 debug: Resolve file:///Users/waostudio/Downloads/Telegram%20Desktop/TigerDragon4/assets/Scripts/Chip.ts from cce:/internal/x/prerequisite-imports as file:///Users/waostudio/Downloads/Telegram%20Desktop/TigerDragon4/assets/Scripts/Chip.ts.
18:12:45 debug: Resolve cc from file:///Users/waostudio/Downloads/Telegram%20Desktop/TigerDragon4/assets/Scripts/Chip.ts as cce:/internal/x/cc.
18:12:45 debug: Resolve cc from file:///Users/waostudio/Downloads/Telegram%20Desktop/TigerDragon4/assets/Scripts/Chip.ts as cce:/internal/x/cc.
18:12:45 debug: Resolve cc from file:///Users/waostudio/Downloads/Telegram%20Desktop/TigerDragon4/assets/Scripts/Chip.ts as cce:/internal/x/cc.
18:12:45 debug: Resolve file:///Users/waostudio/Downloads/Telegram%20Desktop/TigerDragon4/assets/Scripts/GameController.ts from cce:/internal/x/prerequisite-imports as file:///Users/waostudio/Downloads/Telegram%20Desktop/TigerDragon4/assets/Scripts/GameController.ts.
18:12:45 debug: Resolve cce:/internal/code-quality/cr.mjs from file:///Users/waostudio/Downloads/Telegram%20Desktop/TigerDragon4/assets/Scripts/GameController.ts as cce:/internal/code-quality/cr.mjs.
18:12:45 debug: Detected change: cce:/internal/code-quality/cr.mjs. Last mtime: Tue Apr 16 2024 09:42:52 GMT+0700 (Indochina Time), Current mtime: Tue Apr 16 2024 18:12:38 GMT+0700 (Indochina Time)
18:12:45 debug: Inspect cce:/internal/code-quality/cr.mjs
18:12:45 debug: Resolve cc from file:///Users/waostudio/Downloads/Telegram%20Desktop/TigerDragon4/assets/Scripts/GameController.ts as cce:/internal/x/cc.
18:12:45 debug: Resolve cc from file:///Users/waostudio/Downloads/Telegram%20Desktop/TigerDragon4/assets/Scripts/GameController.ts as cce:/internal/x/cc.
18:12:45 debug: Resolve cc from file:///Users/waostudio/Downloads/Telegram%20Desktop/TigerDragon4/assets/Scripts/GameController.ts as cce:/internal/x/cc.
18:12:45 debug: Resolve ./Chip from file:///Users/waostudio/Downloads/Telegram%20Desktop/TigerDragon4/assets/Scripts/GameController.ts as file:///Users/waostudio/Downloads/Telegram%20Desktop/TigerDragon4/assets/Scripts/Chip.ts.
18:12:45 debug: Resolve ./NetworkConnect from file:///Users/waostudio/Downloads/Telegram%20Desktop/TigerDragon4/assets/Scripts/GameController.ts as file:///Users/waostudio/Downloads/Telegram%20Desktop/TigerDragon4/assets/Scripts/NetworkConnect.ts.
18:12:45 debug: Resolve cce:/internal/code-quality/cr.mjs from file:///Users/waostudio/Downloads/Telegram%20Desktop/TigerDragon4/assets/Scripts/NetworkConnect.ts as cce:/internal/code-quality/cr.mjs.
18:12:45 debug: Resolve cc from file:///Users/waostudio/Downloads/Telegram%20Desktop/TigerDragon4/assets/Scripts/NetworkConnect.ts as cce:/internal/x/cc.
18:12:45 debug: Resolve cc from file:///Users/waostudio/Downloads/Telegram%20Desktop/TigerDragon4/assets/Scripts/NetworkConnect.ts as cce:/internal/x/cc.
18:12:45 debug: Resolve cc from file:///Users/waostudio/Downloads/Telegram%20Desktop/TigerDragon4/assets/Scripts/NetworkConnect.ts as cce:/internal/x/cc.
18:12:45 debug: Create cjs interop url for 'file:///Users/waostudio/Downloads/Telegram%20Desktop/TigerDragon4/extensions/Colyseus%20Multiplayer%20SDK/runtime/colyseus.js'
18:12:45 debug: Resolve db://colyseus-sdk/colyseus.js from file:///Users/waostudio/Downloads/Telegram%20Desktop/TigerDragon4/assets/Scripts/NetworkConnect.ts as file:///Users/waostudio/Downloads/Telegram%20Desktop/TigerDragon4/extensions/Colyseus%20Multiplayer%20SDK/runtime/colyseus.mjs?cjs=&original=.js.
18:12:45 debug: Resolve cce:/internal/code-quality/cr.mjs from file:///Users/waostudio/Downloads/Telegram%20Desktop/TigerDragon4/extensions/Colyseus%20Multiplayer%20SDK/runtime/colyseus.mjs?cjs=&original=.js as cce:/internal/code-quality/cr.mjs.
18:12:45 debug: Resolve ./colyseus.js from file:///Users/waostudio/Downloads/Telegram%20Desktop/TigerDragon4/extensions/Colyseus%20Multiplayer%20SDK/runtime/colyseus.mjs?cjs=&original=.js as file:///Users/waostudio/Downloads/Telegram%20Desktop/TigerDragon4/extensions/Colyseus%20Multiplayer%20SDK/runtime/colyseus.js.
18:12:45 debug: Detected change: file:///Users/waostudio/Downloads/Telegram%20Desktop/TigerDragon4/extensions/Colyseus%20Multiplayer%20SDK/runtime/colyseus.js. Last mtime: Mon Apr 15 2024 11:35:20 GMT+0700 (Indochina Time)@b554cfc3-98f3-4c04-ac8b-fd4ca2621ffb, Current mtime: Mon Apr 15 2024 11:35:20 GMT+0700 (Indochina Time)
18:12:45 debug: Inspect file:///Users/waostudio/Downloads/Telegram%20Desktop/TigerDragon4/extensions/Colyseus%20Multiplayer%20SDK/runtime/colyseus.js
18:12:46 debug: Resolve cce:/internal/ml/cjs-loader.mjs from file:///Users/waostudio/Downloads/Telegram%20Desktop/TigerDragon4/extensions/Colyseus%20Multiplayer%20SDK/runtime/colyseus.js as cce:/internal/ml/cjs-loader.mjs.
18:12:46 debug: Detected change: cce:/internal/ml/cjs-loader.mjs. Last mtime: Tue Apr 16 2024 09:42:52 GMT+0700 (Indochina Time), Current mtime: Tue Apr 16 2024 18:12:38 GMT+0700 (Indochina Time)
18:12:46 debug: Inspect cce:/internal/ml/cjs-loader.mjs
18:12:46 debug: Resolve cce:/internal/ml/cjs-loader.mjs from file:///Users/waostudio/Downloads/Telegram%20Desktop/TigerDragon4/extensions/Colyseus%20Multiplayer%20SDK/runtime/colyseus.mjs?cjs=&original=.js as cce:/internal/ml/cjs-loader.mjs.
18:12:46 debug: Resolve ./colyseus.js from file:///Users/waostudio/Downloads/Telegram%20Desktop/TigerDragon4/extensions/Colyseus%20Multiplayer%20SDK/runtime/colyseus.mjs?cjs=&original=.js as file:///Users/waostudio/Downloads/Telegram%20Desktop/TigerDragon4/extensions/Colyseus%20Multiplayer%20SDK/runtime/colyseus.js.
18:12:46 debug: Resolve ./colyseus.js from file:///Users/waostudio/Downloads/Telegram%20Desktop/TigerDragon4/extensions/Colyseus%20Multiplayer%20SDK/runtime/colyseus.mjs?cjs=&original=.js as file:///Users/waostudio/Downloads/Telegram%20Desktop/TigerDragon4/extensions/Colyseus%20Multiplayer%20SDK/runtime/colyseus.js.
18:12:46 debug: Resolve file:///Users/waostudio/Downloads/Telegram%20Desktop/TigerDragon4/assets/Scripts/NetworkConnect.ts from cce:/internal/x/prerequisite-imports as file:///Users/waostudio/Downloads/Telegram%20Desktop/TigerDragon4/assets/Scripts/NetworkConnect.ts.
18:12:46 debug: Resolve file:///Users/waostudio/Downloads/Telegram%20Desktop/TigerDragon4/assets/Scripts/PlayerList.ts from cce:/internal/x/prerequisite-imports as file:///Users/waostudio/Downloads/Telegram%20Desktop/TigerDragon4/assets/Scripts/PlayerList.ts.
18:12:46 debug: Resolve cc from file:///Users/waostudio/Downloads/Telegram%20Desktop/TigerDragon4/assets/Scripts/PlayerList.ts as cce:/internal/x/cc.
18:12:46 debug: Resolve cc from file:///Users/waostudio/Downloads/Telegram%20Desktop/TigerDragon4/assets/Scripts/PlayerList.ts as cce:/internal/x/cc.
18:12:46 debug: Resolve cc from file:///Users/waostudio/Downloads/Telegram%20Desktop/TigerDragon4/assets/Scripts/PlayerList.ts as cce:/internal/x/cc.
18:12:46 debug: Target(preview) ends with cost 522.2817080020905ms.
18:12:46 debug: Pulling asset-db.
18:12:46 debug: Fetch asset-db cost: 461.57416701316833ms.
18:12:46 debug: Build iteration starts.
Number of accumulated asset changes: 7
Feature changed: false
18:12:46 debug: Target(editor) build started.
18:12:46 debug: Detected change: cce:/internal/x/prerequisite-imports. Last mtime: Thu Jan 01 1970 08:00:06 GMT+0800 (Indochina Time), Current mtime: Thu Jan 01 1970 08:00:08 GMT+0800 (Indochina Time)
18:12:46 debug: Inspect cce:/internal/x/prerequisite-imports
18:12:46 debug: Resolve file:///Applications/Cocos/Creator/3.8.2/CocosCreator.app/Contents/Resources/resources/3d/engine/editor/assets/tools/debug-view-runtime-control.ts from cce:/internal/x/prerequisite-imports as file:///Applications/Cocos/Creator/3.8.2/CocosCreator.app/Contents/Resources/resources/3d/engine/editor/assets/tools/debug-view-runtime-control.ts.
18:12:46 debug: Resolve file:///Users/waostudio/Downloads/Telegram%20Desktop/TigerDragon4/assets/Scripts/Chip.ts from cce:/internal/x/prerequisite-imports as file:///Users/waostudio/Downloads/Telegram%20Desktop/TigerDragon4/assets/Scripts/Chip.ts.
18:12:46 debug: Resolve file:///Users/waostudio/Downloads/Telegram%20Desktop/TigerDragon4/assets/Scripts/GameController.ts from cce:/internal/x/prerequisite-imports as file:///Users/waostudio/Downloads/Telegram%20Desktop/TigerDragon4/assets/Scripts/GameController.ts.
18:12:46 debug: Detected change: file:///Users/waostudio/Downloads/Telegram%20Desktop/TigerDragon4/extensions/Colyseus%20Multiplayer%20SDK/runtime/colyseus.js. Last mtime: Mon Apr 15 2024 11:35:20 GMT+0700 (Indochina Time), Current mtime: Mon Apr 15 2024 11:35:20 GMT+0700 (Indochina Time)@b554cfc3-98f3-4c04-ac8b-fd4ca2621ffb
18:12:46 debug: Inspect file:///Users/waostudio/Downloads/Telegram%20Desktop/TigerDragon4/extensions/Colyseus%20Multiplayer%20SDK/runtime/colyseus.js
18:12:47 debug: Resolve cce:/internal/ml/cjs-loader.mjs from file:///Users/waostudio/Downloads/Telegram%20Desktop/TigerDragon4/extensions/Colyseus%20Multiplayer%20SDK/runtime/colyseus.js as cce:/internal/ml/cjs-loader.mjs.
18:12:47 debug: Resolve file:///Users/waostudio/Downloads/Telegram%20Desktop/TigerDragon4/assets/Scripts/NetworkConnect.ts from cce:/internal/x/prerequisite-imports as file:///Users/waostudio/Downloads/Telegram%20Desktop/TigerDragon4/assets/Scripts/NetworkConnect.ts.
18:12:47 debug: Resolve file:///Users/waostudio/Downloads/Telegram%20Desktop/TigerDragon4/assets/Scripts/PlayerList.ts from cce:/internal/x/prerequisite-imports as file:///Users/waostudio/Downloads/Telegram%20Desktop/TigerDragon4/assets/Scripts/PlayerList.ts.
18:12:47 debug: Create cjs interop url for 'file:///Users/waostudio/Downloads/Telegram%20Desktop/TigerDragon4/extensions/Colyseus%20Multiplayer%20SDK/runtime/colyseus.js'
18:12:47 debug: Resolve file:///Users/waostudio/Downloads/Telegram%20Desktop/TigerDragon4/extensions/Colyseus%20Multiplayer%20SDK/runtime/colyseus.js from cce:/internal/x/prerequisite-imports as file:///Users/waostudio/Downloads/Telegram%20Desktop/TigerDragon4/extensions/Colyseus%20Multiplayer%20SDK/runtime/colyseus.mjs?cjs=&original=.js.
18:12:47 debug: Create cjs interop url for 'file:///Users/waostudio/Downloads/Telegram%20Desktop/TigerDragon4/extensions/Colyseus%20Multiplayer%20SDK/runtime/colyseus.js'
18:12:47 debug: Target(editor) ends with cost 619.2613749802113ms.
18:12:47 debug: Target(preview) build started.
18:12:47 debug: Detected change: cce:/internal/x/prerequisite-imports. Last mtime: Thu Jan 01 1970 08:00:07 GMT+0800 (Indochina Time), Current mtime: Thu Jan 01 1970 08:00:09 GMT+0800 (Indochina Time)
18:12:47 debug: Inspect cce:/internal/x/prerequisite-imports
18:12:47 debug: Resolve file:///Applications/Cocos/Creator/3.8.2/CocosCreator.app/Contents/Resources/resources/3d/engine/editor/assets/tools/debug-view-runtime-control.ts from cce:/internal/x/prerequisite-imports as file:///Applications/Cocos/Creator/3.8.2/CocosCreator.app/Contents/Resources/resources/3d/engine/editor/assets/tools/debug-view-runtime-control.ts.
18:12:47 debug: Resolve file:///Users/waostudio/Downloads/Telegram%20Desktop/TigerDragon4/assets/Scripts/Chip.ts from cce:/internal/x/prerequisite-imports as file:///Users/waostudio/Downloads/Telegram%20Desktop/TigerDragon4/assets/Scripts/Chip.ts.
18:12:47 debug: Resolve file:///Users/waostudio/Downloads/Telegram%20Desktop/TigerDragon4/assets/Scripts/GameController.ts from cce:/internal/x/prerequisite-imports as file:///Users/waostudio/Downloads/Telegram%20Desktop/TigerDragon4/assets/Scripts/GameController.ts.
18:12:47 debug: Detected change: file:///Users/waostudio/Downloads/Telegram%20Desktop/TigerDragon4/extensions/Colyseus%20Multiplayer%20SDK/runtime/colyseus.js. Last mtime: Mon Apr 15 2024 11:35:20 GMT+0700 (Indochina Time), Current mtime: Mon Apr 15 2024 11:35:20 GMT+0700 (Indochina Time)@b554cfc3-98f3-4c04-ac8b-fd4ca2621ffb
18:12:47 debug: Inspect file:///Users/waostudio/Downloads/Telegram%20Desktop/TigerDragon4/extensions/Colyseus%20Multiplayer%20SDK/runtime/colyseus.js
18:12:47 debug: Resolve cce:/internal/ml/cjs-loader.mjs from file:///Users/waostudio/Downloads/Telegram%20Desktop/TigerDragon4/extensions/Colyseus%20Multiplayer%20SDK/runtime/colyseus.js as cce:/internal/ml/cjs-loader.mjs.
18:12:47 debug: Resolve file:///Users/waostudio/Downloads/Telegram%20Desktop/TigerDragon4/assets/Scripts/NetworkConnect.ts from cce:/internal/x/prerequisite-imports as file:///Users/waostudio/Downloads/Telegram%20Desktop/TigerDragon4/assets/Scripts/NetworkConnect.ts.
18:12:47 debug: Resolve file:///Users/waostudio/Downloads/Telegram%20Desktop/TigerDragon4/assets/Scripts/PlayerList.ts from cce:/internal/x/prerequisite-imports as file:///Users/waostudio/Downloads/Telegram%20Desktop/TigerDragon4/assets/Scripts/PlayerList.ts.
18:12:47 debug: Create cjs interop url for 'file:///Users/waostudio/Downloads/Telegram%20Desktop/TigerDragon4/extensions/Colyseus%20Multiplayer%20SDK/runtime/colyseus.js'
18:12:47 debug: Resolve file:///Users/waostudio/Downloads/Telegram%20Desktop/TigerDragon4/extensions/Colyseus%20Multiplayer%20SDK/runtime/colyseus.js from cce:/internal/x/prerequisite-imports as file:///Users/waostudio/Downloads/Telegram%20Desktop/TigerDragon4/extensions/Colyseus%20Multiplayer%20SDK/runtime/colyseus.mjs?cjs=&original=.js.
18:12:47 debug: Create cjs interop url for 'file:///Users/waostudio/Downloads/Telegram%20Desktop/TigerDragon4/extensions/Colyseus%20Multiplayer%20SDK/runtime/colyseus.js'
18:12:47 debug: Target(preview) ends with cost 602.6298750042915ms.
18:13:04 debug: Dispatch build request for time accumulated 2 asset changes.
18:13:04 debug: Build iteration starts.
Number of accumulated asset changes: 2
Feature changed: false
18:13:04 debug: Target(editor) build started.
18:13:04 debug: Detected change: cce:/internal/x/prerequisite-imports. Last mtime: Thu Jan 01 1970 08:00:08 GMT+0800 (Indochina Time), Current mtime: Thu Jan 01 1970 08:00:26 GMT+0800 (Indochina Time)
18:13:04 debug: Inspect cce:/internal/x/prerequisite-imports
18:13:04 debug: Resolve file:///Applications/Cocos/Creator/3.8.2/CocosCreator.app/Contents/Resources/resources/3d/engine/editor/assets/tools/debug-view-runtime-control.ts from cce:/internal/x/prerequisite-imports as file:///Applications/Cocos/Creator/3.8.2/CocosCreator.app/Contents/Resources/resources/3d/engine/editor/assets/tools/debug-view-runtime-control.ts.
18:13:04 debug: Resolve file:///Users/waostudio/Downloads/Telegram%20Desktop/TigerDragon4/assets/Scripts/Chip.ts from cce:/internal/x/prerequisite-imports as file:///Users/waostudio/Downloads/Telegram%20Desktop/TigerDragon4/assets/Scripts/Chip.ts.
18:13:04 debug: Resolve file:///Users/waostudio/Downloads/Telegram%20Desktop/TigerDragon4/assets/Scripts/GameController.ts from cce:/internal/x/prerequisite-imports as file:///Users/waostudio/Downloads/Telegram%20Desktop/TigerDragon4/assets/Scripts/GameController.ts.
18:13:04 debug: Detected change: file:///Users/waostudio/Downloads/Telegram%20Desktop/TigerDragon4/assets/Scripts/GameController.ts. Last mtime: Tue Apr 16 2024 17:17:48 GMT+0700 (Indochina Time)@d8ab5610-dd96-4f78-9795-6218739fe6f3, Current mtime: Tue Apr 16 2024 18:13:03 GMT+0700 (Indochina Time)@d8ab5610-dd96-4f78-9795-6218739fe6f3
18:13:04 debug: Inspect file:///Users/waostudio/Downloads/Telegram%20Desktop/TigerDragon4/assets/Scripts/GameController.ts
18:13:04 debug: Resolve cce:/internal/code-quality/cr.mjs from file:///Users/waostudio/Downloads/Telegram%20Desktop/TigerDragon4/assets/Scripts/GameController.ts as cce:/internal/code-quality/cr.mjs.
18:13:04 debug: Resolve cc from file:///Users/waostudio/Downloads/Telegram%20Desktop/TigerDragon4/assets/Scripts/GameController.ts as cce:/internal/x/cc.
18:13:04 debug: Resolve cc from file:///Users/waostudio/Downloads/Telegram%20Desktop/TigerDragon4/assets/Scripts/GameController.ts as cce:/internal/x/cc.
18:13:04 debug: Resolve cc from file:///Users/waostudio/Downloads/Telegram%20Desktop/TigerDragon4/assets/Scripts/GameController.ts as cce:/internal/x/cc.
18:13:04 debug: Resolve ./Chip from file:///Users/waostudio/Downloads/Telegram%20Desktop/TigerDragon4/assets/Scripts/GameController.ts as file:///Users/waostudio/Downloads/Telegram%20Desktop/TigerDragon4/assets/Scripts/Chip.ts.
18:13:04 debug: Resolve ./NetworkConnect from file:///Users/waostudio/Downloads/Telegram%20Desktop/TigerDragon4/assets/Scripts/GameController.ts as file:///Users/waostudio/Downloads/Telegram%20Desktop/TigerDragon4/assets/Scripts/NetworkConnect.ts.
18:13:04 debug: Detected change: file:///Users/waostudio/Downloads/Telegram%20Desktop/TigerDragon4/assets/Scripts/NetworkConnect.ts. Last mtime: Tue Apr 16 2024 18:05:12 GMT+0700 (Indochina Time)@f92887c2-9ea3-4ec7-b5ff-e017e453225f, Current mtime: Tue Apr 16 2024 18:13:03 GMT+0700 (Indochina Time)@f92887c2-9ea3-4ec7-b5ff-e017e453225f
18:13:04 debug: Inspect file:///Users/waostudio/Downloads/Telegram%20Desktop/TigerDragon4/assets/Scripts/NetworkConnect.ts
18:13:04 debug: Resolve cce:/internal/code-quality/cr.mjs from file:///Users/waostudio/Downloads/Telegram%20Desktop/TigerDragon4/assets/Scripts/NetworkConnect.ts as cce:/internal/code-quality/cr.mjs.
18:13:04 debug: Resolve cc from file:///Users/waostudio/Downloads/Telegram%20Desktop/TigerDragon4/assets/Scripts/NetworkConnect.ts as cce:/internal/x/cc.
18:13:04 debug: Resolve cc from file:///Users/waostudio/Downloads/Telegram%20Desktop/TigerDragon4/assets/Scripts/NetworkConnect.ts as cce:/internal/x/cc.
18:13:04 debug: Resolve cc from file:///Users/waostudio/Downloads/Telegram%20Desktop/TigerDragon4/assets/Scripts/NetworkConnect.ts as cce:/internal/x/cc.
18:13:04 debug: Create cjs interop url for 'file:///Users/waostudio/Downloads/Telegram%20Desktop/TigerDragon4/extensions/Colyseus%20Multiplayer%20SDK/runtime/colyseus.js'
18:13:04 debug: Resolve db://colyseus-sdk/colyseus.js from file:///Users/waostudio/Downloads/Telegram%20Desktop/TigerDragon4/assets/Scripts/NetworkConnect.ts as file:///Users/waostudio/Downloads/Telegram%20Desktop/TigerDragon4/extensions/Colyseus%20Multiplayer%20SDK/runtime/colyseus.mjs?cjs=&original=.js.
18:13:04 debug: Resolve file:///Users/waostudio/Downloads/Telegram%20Desktop/TigerDragon4/assets/Scripts/NetworkConnect.ts from cce:/internal/x/prerequisite-imports as file:///Users/waostudio/Downloads/Telegram%20Desktop/TigerDragon4/assets/Scripts/NetworkConnect.ts.
18:13:04 debug: Resolve file:///Users/waostudio/Downloads/Telegram%20Desktop/TigerDragon4/assets/Scripts/PlayerList.ts from cce:/internal/x/prerequisite-imports as file:///Users/waostudio/Downloads/Telegram%20Desktop/TigerDragon4/assets/Scripts/PlayerList.ts.
18:13:04 debug: Create cjs interop url for 'file:///Users/waostudio/Downloads/Telegram%20Desktop/TigerDragon4/extensions/Colyseus%20Multiplayer%20SDK/runtime/colyseus.js'
18:13:04 debug: Resolve file:///Users/waostudio/Downloads/Telegram%20Desktop/TigerDragon4/extensions/Colyseus%20Multiplayer%20SDK/runtime/colyseus.js from cce:/internal/x/prerequisite-imports as file:///Users/waostudio/Downloads/Telegram%20Desktop/TigerDragon4/extensions/Colyseus%20Multiplayer%20SDK/runtime/colyseus.mjs?cjs=&original=.js.
18:13:04 debug: Create cjs interop url for 'file:///Users/waostudio/Downloads/Telegram%20Desktop/TigerDragon4/extensions/Colyseus%20Multiplayer%20SDK/runtime/colyseus.js'
18:13:04 debug: Target(editor) ends with cost 305.0059169828892ms.
18:13:04 debug: Target(preview) build started.
18:13:04 debug: Detected change: cce:/internal/x/prerequisite-imports. Last mtime: Thu Jan 01 1970 08:00:09 GMT+0800 (Indochina Time), Current mtime: Thu Jan 01 1970 08:00:26 GMT+0800 (Indochina Time)
18:13:04 debug: Inspect cce:/internal/x/prerequisite-imports
18:13:04 debug: Resolve file:///Applications/Cocos/Creator/3.8.2/CocosCreator.app/Contents/Resources/resources/3d/engine/editor/assets/tools/debug-view-runtime-control.ts from cce:/internal/x/prerequisite-imports as file:///Applications/Cocos/Creator/3.8.2/CocosCreator.app/Contents/Resources/resources/3d/engine/editor/assets/tools/debug-view-runtime-control.ts.
18:13:04 debug: Resolve file:///Users/waostudio/Downloads/Telegram%20Desktop/TigerDragon4/assets/Scripts/Chip.ts from cce:/internal/x/prerequisite-imports as file:///Users/waostudio/Downloads/Telegram%20Desktop/TigerDragon4/assets/Scripts/Chip.ts.
18:13:04 debug: Resolve file:///Users/waostudio/Downloads/Telegram%20Desktop/TigerDragon4/assets/Scripts/GameController.ts from cce:/internal/x/prerequisite-imports as file:///Users/waostudio/Downloads/Telegram%20Desktop/TigerDragon4/assets/Scripts/GameController.ts.
18:13:04 debug: Detected change: file:///Users/waostudio/Downloads/Telegram%20Desktop/TigerDragon4/assets/Scripts/GameController.ts. Last mtime: Tue Apr 16 2024 17:17:48 GMT+0700 (Indochina Time)@d8ab5610-dd96-4f78-9795-6218739fe6f3, Current mtime: Tue Apr 16 2024 18:13:03 GMT+0700 (Indochina Time)@d8ab5610-dd96-4f78-9795-6218739fe6f3
18:13:04 debug: Inspect file:///Users/waostudio/Downloads/Telegram%20Desktop/TigerDragon4/assets/Scripts/GameController.ts
18:13:05 debug: Resolve cce:/internal/code-quality/cr.mjs from file:///Users/waostudio/Downloads/Telegram%20Desktop/TigerDragon4/assets/Scripts/GameController.ts as cce:/internal/code-quality/cr.mjs.
18:13:05 debug: Resolve cc from file:///Users/waostudio/Downloads/Telegram%20Desktop/TigerDragon4/assets/Scripts/GameController.ts as cce:/internal/x/cc.
18:13:05 debug: Resolve cc from file:///Users/waostudio/Downloads/Telegram%20Desktop/TigerDragon4/assets/Scripts/GameController.ts as cce:/internal/x/cc.
18:13:05 debug: Resolve cc from file:///Users/waostudio/Downloads/Telegram%20Desktop/TigerDragon4/assets/Scripts/GameController.ts as cce:/internal/x/cc.
18:13:05 debug: Resolve ./Chip from file:///Users/waostudio/Downloads/Telegram%20Desktop/TigerDragon4/assets/Scripts/GameController.ts as file:///Users/waostudio/Downloads/Telegram%20Desktop/TigerDragon4/assets/Scripts/Chip.ts.
18:13:05 debug: Resolve ./NetworkConnect from file:///Users/waostudio/Downloads/Telegram%20Desktop/TigerDragon4/assets/Scripts/GameController.ts as file:///Users/waostudio/Downloads/Telegram%20Desktop/TigerDragon4/assets/Scripts/NetworkConnect.ts.
18:13:05 debug: Detected change: file:///Users/waostudio/Downloads/Telegram%20Desktop/TigerDragon4/assets/Scripts/NetworkConnect.ts. Last mtime: Tue Apr 16 2024 18:05:12 GMT+0700 (Indochina Time)@f92887c2-9ea3-4ec7-b5ff-e017e453225f, Current mtime: Tue Apr 16 2024 18:13:03 GMT+0700 (Indochina Time)@f92887c2-9ea3-4ec7-b5ff-e017e453225f
18:13:05 debug: Inspect file:///Users/waostudio/Downloads/Telegram%20Desktop/TigerDragon4/assets/Scripts/NetworkConnect.ts
18:13:05 debug: Resolve cce:/internal/code-quality/cr.mjs from file:///Users/waostudio/Downloads/Telegram%20Desktop/TigerDragon4/assets/Scripts/NetworkConnect.ts as cce:/internal/code-quality/cr.mjs.
18:13:05 debug: Resolve cc from file:///Users/waostudio/Downloads/Telegram%20Desktop/TigerDragon4/assets/Scripts/NetworkConnect.ts as cce:/internal/x/cc.
18:13:05 debug: Resolve cc from file:///Users/waostudio/Downloads/Telegram%20Desktop/TigerDragon4/assets/Scripts/NetworkConnect.ts as cce:/internal/x/cc.
18:13:05 debug: Resolve cc from file:///Users/waostudio/Downloads/Telegram%20Desktop/TigerDragon4/assets/Scripts/NetworkConnect.ts as cce:/internal/x/cc.
18:13:05 debug: Create cjs interop url for 'file:///Users/waostudio/Downloads/Telegram%20Desktop/TigerDragon4/extensions/Colyseus%20Multiplayer%20SDK/runtime/colyseus.js'
18:13:05 debug: Resolve db://colyseus-sdk/colyseus.js from file:///Users/waostudio/Downloads/Telegram%20Desktop/TigerDragon4/assets/Scripts/NetworkConnect.ts as file:///Users/waostudio/Downloads/Telegram%20Desktop/TigerDragon4/extensions/Colyseus%20Multiplayer%20SDK/runtime/colyseus.mjs?cjs=&original=.js.
18:13:05 debug: Resolve file:///Users/waostudio/Downloads/Telegram%20Desktop/TigerDragon4/assets/Scripts/NetworkConnect.ts from cce:/internal/x/prerequisite-imports as file:///Users/waostudio/Downloads/Telegram%20Desktop/TigerDragon4/assets/Scripts/NetworkConnect.ts.
18:13:05 debug: Resolve file:///Users/waostudio/Downloads/Telegram%20Desktop/TigerDragon4/assets/Scripts/PlayerList.ts from cce:/internal/x/prerequisite-imports as file:///Users/waostudio/Downloads/Telegram%20Desktop/TigerDragon4/assets/Scripts/PlayerList.ts.
18:13:05 debug: Create cjs interop url for 'file:///Users/waostudio/Downloads/Telegram%20Desktop/TigerDragon4/extensions/Colyseus%20Multiplayer%20SDK/runtime/colyseus.js'
18:13:05 debug: Resolve file:///Users/waostudio/Downloads/Telegram%20Desktop/TigerDragon4/extensions/Colyseus%20Multiplayer%20SDK/runtime/colyseus.js from cce:/internal/x/prerequisite-imports as file:///Users/waostudio/Downloads/Telegram%20Desktop/TigerDragon4/extensions/Colyseus%20Multiplayer%20SDK/runtime/colyseus.mjs?cjs=&original=.js.
18:13:05 debug: Create cjs interop url for 'file:///Users/waostudio/Downloads/Telegram%20Desktop/TigerDragon4/extensions/Colyseus%20Multiplayer%20SDK/runtime/colyseus.js'
18:13:05 debug: Target(preview) ends with cost 174.43029099702835ms.
