4-15-2024 06:52:48-log: Cannot access game frame or container.
4-15-2024 06:52:48-debug: asset-db:require-engine-code (1500ms)
4-15-2024 06:52:49-log: meshopt wasm decoder initialized
4-15-2024 06:52:49-log: [box2d]:box2d wasm lib loaded.
4-15-2024 06:52:49-log: [bullet]:bullet wasm lib loaded.
4-15-2024 06:52:59-log: Cocos Creator v3.8.2
4-15-2024 06:52:59-debug: [Assets Memory track]: asset-db:worker-init: initEngine start:23.51MB, end 107.06MB, increase: 83.55MB
4-15-2024 06:52:59-debug: [Assets Memory track]: asset-db-plugin-register: programming start:107.75MB, end 111.41MB, increase: 3.65MB
4-15-2024 06:53:02-debug: [Assets Memory track]: asset-db-plugin-register: engine-extends start:111.46MB, end 177.31MB, increase: 65.85MB
4-15-2024 06:53:02-debug: [Assets Memory track]: asset-db:worker-init: initPlugin start:107.07MB, end 177.48MB, increase: 70.42MB
4-15-2024 06:53:02-debug: [Assets Memory track]: asset-db-plugin-enable: builder start:112.07MB, end 174.01MB, increase: 61.93MB
4-15-2024 06:53:02-debug: run package(placeholder) handler(enable) start
4-15-2024 06:53:02-debug: [Assets Memory track]: asset-db-plugin-enable: project start:111.58MB, end 177.32MB, increase: 65.74MB
4-15-2024 06:53:02-debug: run package(placeholder) handler(enable) success!
4-15-2024 06:53:02-debug: asset-db:worker-init: initPlugin (3083ms)
4-15-2024 06:53:02-debug: [Assets Memory track]: asset-db:worker-init start:23.51MB, end 172.02MB, increase: 148.52MB
4-15-2024 06:53:02-debug: Run asset db hook engine-extends:beforePreStart success!
4-15-2024 06:53:02-debug: Run asset db hook programming:beforePreStart ...
4-15-2024 06:53:02-debug: Run asset db hook programming:beforePreStart success!
4-15-2024 06:53:02-debug: Run asset db hook engine-extends:beforePreStart ...
4-15-2024 06:53:07-debug: asset-db-hook-programming-beforePreStart (4716ms)
4-15-2024 06:53:07-debug: asset-db:worker-init (20168ms)
4-15-2024 06:53:07-debug: asset-db-hook-engine-extends-beforePreStart (4716ms)
4-15-2024 06:53:07-debug: Preimport db internal success
4-15-2024 06:53:07-debug: Preimport db assets success
4-15-2024 06:53:07-debug: Run asset db hook programming:afterPreStart ...
4-15-2024 06:53:07-debug: starting packer-driver...
4-15-2024 06:53:08-debug: initialize scripting environment...
4-15-2024 06:53:08-debug: Set detail map pack:///resolution-detail-map.json: {}
4-15-2024 06:53:08-debug: Run asset db hook programming:afterPreStart success!
4-15-2024 06:53:08-debug: [Assets Memory track]: asset-db:worker-init: preStart start:172.03MB, end 187.19MB, increase: 15.16MB
4-15-2024 06:53:08-debug: Start up the 'internal' database...
4-15-2024 06:53:08-debug: Run asset db hook engine-extends:afterPreStart ...
4-15-2024 06:53:08-debug: Run asset db hook engine-extends:afterPreStart success!
4-15-2024 06:53:09-debug: asset-db:worker-effect-data-processing (996ms)
4-15-2024 06:53:09-debug: asset-db-hook-programming-afterPreStart (1550ms)
4-15-2024 06:53:09-debug: asset-db-hook-engine-extends-afterPreStart (996ms)
4-15-2024 06:53:09-debug: [Assets Memory track]: asset-db:worker-startup-database[internal] start:183.88MB, end 191.68MB, increase: 7.79MB
4-15-2024 06:53:09-debug: Start up the 'assets' database...
4-15-2024 06:53:11-debug: asset-db:worker-startup-database[internal] (6999ms)
4-15-2024 06:53:12-debug: asset-db:worker-startup-database[assets] (4694ms)
4-15-2024 06:53:12-debug: asset-db:start-database (9515ms)
4-15-2024 06:53:12-debug: asset-db:ready (28760ms)
4-15-2024 06:53:12-debug: init worker message success
4-15-2024 06:53:13-debug: [Build Memory track]: builder:worker-init start:186.93MB, end 198.18MB, increase: 11.25MB
4-15-2024 06:53:13-debug: programming:execute-script (47ms)
4-15-2024 06:53:13-debug: builder:worker-init (1218ms)
4-15-2024 06:53:15-debug: programming:execute-script (23ms)
4-15-2024 06:57:32-debug: refresh db internal success
4-15-2024 06:57:33-debug: refresh db assets success
4-15-2024 06:57:33-debug: Run asset db hook engine-extends:afterRefresh ...
4-15-2024 06:57:33-debug: Run asset db hook engine-extends:afterRefresh success!
4-15-2024 06:57:33-debug: asset-db:refresh-all-database (633ms)
4-15-2024 06:57:33-debug: asset-db:worker-effect-data-processing (2ms)
4-15-2024 06:57:33-debug: asset-db-hook-engine-extends-afterRefresh (2ms)
4-15-2024 07:12:21-debug: refresh db internal success
4-15-2024 07:12:21-debug: refresh db assets success
4-15-2024 07:12:21-debug: Run asset db hook engine-extends:afterRefresh ...
4-15-2024 07:12:21-debug: Run asset db hook engine-extends:afterRefresh success!
4-15-2024 07:12:21-debug: asset-db:refresh-all-database (387ms)
4-15-2024 07:12:21-debug: asset-db:worker-effect-data-processing (1ms)
4-15-2024 07:12:21-debug: asset-db-hook-engine-extends-afterRefresh (2ms)
4-15-2024 07:12:31-debug: refresh db internal success
4-15-2024 07:12:31-debug: Run asset db hook engine-extends:afterRefresh ...
4-15-2024 07:12:31-debug: Run asset db hook engine-extends:afterRefresh success!
4-15-2024 07:12:31-debug: refresh db assets success
4-15-2024 07:12:31-debug: asset-db:refresh-all-database (249ms)
4-15-2024 07:12:31-debug: asset-db:worker-effect-data-processing (1ms)
4-15-2024 07:12:31-debug: asset-db-hook-engine-extends-afterRefresh (1ms)
4-15-2024 07:12:36-debug: refresh db internal success
4-15-2024 07:12:36-debug: refresh db assets success
4-15-2024 07:12:36-debug: Run asset db hook engine-extends:afterRefresh ...
4-15-2024 07:12:36-debug: Run asset db hook engine-extends:afterRefresh success!
4-15-2024 07:12:36-debug: asset-db:refresh-all-database (233ms)
4-15-2024 07:12:36-debug: asset-db:worker-effect-data-processing (1ms)
4-15-2024 07:12:36-debug: asset-db-hook-engine-extends-afterRefresh (1ms)
4-15-2024 07:14:33-debug: refresh db internal success
4-15-2024 07:14:33-debug: refresh db assets success
4-15-2024 07:14:33-debug: Run asset db hook engine-extends:afterRefresh ...
4-15-2024 07:14:33-debug: Run asset db hook engine-extends:afterRefresh success!
4-15-2024 07:14:33-debug: asset-db:refresh-all-database (726ms)
4-15-2024 07:14:33-debug: asset-db:worker-effect-data-processing (3ms)
4-15-2024 07:14:33-debug: asset-db-hook-engine-extends-afterRefresh (5ms)
4-15-2024 07:18:41-debug: refresh db internal success
4-15-2024 07:18:42-debug: refresh db assets success
4-15-2024 07:18:42-debug: Run asset db hook engine-extends:afterRefresh ...
4-15-2024 07:18:42-debug: Run asset db hook engine-extends:afterRefresh success!
4-15-2024 07:18:42-debug: asset-db:worker-effect-data-processing (1ms)
4-15-2024 07:18:42-debug: asset-db:refresh-all-database (389ms)
4-15-2024 07:18:42-debug: asset-db-hook-engine-extends-afterRefresh (1ms)
4-15-2024 07:23:39-debug: refresh db internal success
4-15-2024 07:23:39-debug: refresh db assets success
4-15-2024 07:23:39-debug: Run asset db hook engine-extends:afterRefresh ...
4-15-2024 07:23:39-debug: Run asset db hook engine-extends:afterRefresh success!
4-15-2024 07:23:39-debug: asset-db:refresh-all-database (377ms)
4-15-2024 07:23:39-debug: asset-db:worker-effect-data-processing (1ms)
4-15-2024 07:23:39-debug: asset-db-hook-engine-extends-afterRefresh (2ms)
4-15-2024 07:25:39-debug: refresh db internal success
4-15-2024 07:25:39-debug: %cImport%c: C:\Users\Admin\Downloads\Telegram Desktop\TigerDragon 8\TigerDragon 4\assets\Scripts\GameController.tsbackground: #aaff85; color: #000;color: #000;
4-15-2024 07:25:39-debug: refresh db assets success
4-15-2024 07:25:39-debug: Run asset db hook engine-extends:afterRefresh ...
4-15-2024 07:25:39-debug: Run asset db hook engine-extends:afterRefresh success!
4-15-2024 07:25:39-debug: asset-db:refresh-all-database (589ms)
4-15-2024 07:25:39-debug: asset-db:worker-effect-data-processing (1ms)
4-15-2024 07:25:39-debug: asset-db-hook-engine-extends-afterRefresh (3ms)
4-15-2024 07:25:42-debug: programming:execute-script (50ms)
4-15-2024 07:25:44-debug: Query all assets info in project
4-15-2024 07:25:44-debug: init custom config: keepNodeUuid: false, useCache: true
4-15-2024 07:25:44-debug:   Number of all scenes: 1
4-15-2024 07:25:44-debug:   Number of all scripts: 4
4-15-2024 07:25:44-debug:   Number of other assets: 1496
4-15-2024 07:25:44-debug: Query asset bundle start, progress: 0%
4-15-2024 07:25:44-debug: // ---- build task Query asset bundle ----
4-15-2024 07:25:44-debug: Query preload assets from cc.config.json: 60f7195c-ec2a-45eb-ba94-8955f60e81d0,1c02ae6f-4492-4915-b8f8-7492a3b1e4cd,810e96e4-e456-4468-9b59-f4e8f39732c0,efe8e2a3-eace-427b-b4f1-cb8a937ec77d,e9aa9a3e-5b2b-4ac7-a2c7-073de2b2b24f,8bbdbcdd-5cd4-4100-b6d5-b7c9625b6107,50f4348b-c883-4e2f-8f11-ce233b859fa1,fda095cb-831d-4601-ad94-846013963de8,f92806d7-1768-443f-afe8-12bcde84d0f0,dd3a144d-ab7f-41f0-82b8-2e43a090d496,f0416e68-0200-4b77-a926-4f9d16e494da,970b0598-bcb0-4714-91fb-2e81440dccd8,bcd64cc6-2dd9-43f6-abbe-66318d332032,d930590d-bb92-4cc8-8bd1-23cd027f9edf,a3cd009f-0ab0-420d-9278-b9fdab939bbc,c27215d8-6835-4b68-bfbb-bdeac6100c04,b5d6115f-0370-4d7c-aad3-c194cc71cf98,871c3b6c-7379-419d-bda3-794b239ab90d
4-15-2024 07:25:44-debug: // ---- build task Query asset bundle ---- (39ms)
4-15-2024 07:25:44-debug: run build task Query asset bundle success in 39 ms√, progress: 5%
4-15-2024 07:25:44-debug: // ---- build task Query asset bundle ----
4-15-2024 07:25:44-debug: [Build Memory track]: Query asset bundle start:217.77MB, end 201.54MB, increase: -16626.67KB
4-15-2024 07:25:44-debug: Query asset bundle start, progress: 5%
4-15-2024 07:25:44-debug: run build task Query asset bundle success in 1 ms√, progress: 10%
4-15-2024 07:25:44-debug: [Build Memory track]: Query asset bundle start:201.55MB, end 201.57MB, increase: 14.58KB
4-15-2024 07:25:44-debug: // ---- build task Query asset bundle ---- (1ms)
4-15-2024 07:25:44-debug: // ---- build task Sort some build options to settings.json ----
4-15-2024 07:25:44-debug: Sort some build options to settings.json start, progress: 10%
4-15-2024 07:25:44-debug: // ---- build task Sort some build options to settings.json ---- (1ms)
4-15-2024 07:25:44-debug: run build task Sort some build options to settings.json success in 1 ms√, progress: 12%
4-15-2024 07:25:44-debug: [Build Memory track]: Sort some build options to settings.json start:201.58MB, end 201.60MB, increase: 18.55KB
4-15-2024 07:25:44-debug: Fill script data to settings start, progress: 12%
4-15-2024 07:25:44-debug: // ---- build task Fill script data to settings ----
4-15-2024 07:25:44-debug: // ---- build task Fill script data to settings ---- (1ms)
4-15-2024 07:25:44-debug: run build task Fill script data to settings success in 1 ms√, progress: 13%
4-15-2024 07:25:44-debug: // ---- build task Sort some build options to settings.json ----
4-15-2024 07:25:44-debug: [Build Memory track]: Fill script data to settings start:201.61MB, end 201.63MB, increase: 17.46KB
4-15-2024 07:25:44-debug: Sort some build options to settings.json start, progress: 13%
4-15-2024 07:25:44-debug: // ---- build task Sort some build options to settings.json ---- (6ms)
4-15-2024 07:25:44-debug: run build task Sort some build options to settings.json success in 6 ms√, progress: 15%
4-15-2024 07:25:44-debug: [Build Memory track]: Sort some build options to settings.json start:201.64MB, end 201.77MB, increase: 126.14KB
4-15-2024 07:27:35-debug: refresh db internal success
4-15-2024 07:27:35-debug: %cImport%c: C:\Users\Admin\Downloads\Telegram Desktop\TigerDragon 8\TigerDragon 4\assets\Scripts\GameController.tsbackground: #aaff85; color: #000;color: #000;
4-15-2024 07:27:35-debug: refresh db assets success
4-15-2024 07:27:35-debug: Run asset db hook engine-extends:afterRefresh ...
4-15-2024 07:27:35-debug: Run asset db hook engine-extends:afterRefresh success!
4-15-2024 07:27:35-debug: asset-db:refresh-all-database (444ms)
4-15-2024 07:27:35-debug: asset-db:worker-effect-data-processing (1ms)
4-15-2024 07:27:35-debug: asset-db-hook-engine-extends-afterRefresh (2ms)
4-15-2024 07:27:39-debug: programming:execute-script (27ms)
4-15-2024 07:27:40-debug: Query all assets info in project
4-15-2024 07:27:40-debug: init custom config: keepNodeUuid: false, useCache: true
4-15-2024 07:27:40-debug:   Number of all scripts: 4
4-15-2024 07:27:40-debug:   Number of all scenes: 1
4-15-2024 07:27:40-debug:   Number of other assets: 1496
4-15-2024 07:27:40-debug: Query asset bundle start, progress: 0%
4-15-2024 07:27:40-debug: // ---- build task Query asset bundle ----
4-15-2024 07:27:40-debug: Query preload assets from cc.config.json: 60f7195c-ec2a-45eb-ba94-8955f60e81d0,1c02ae6f-4492-4915-b8f8-7492a3b1e4cd,810e96e4-e456-4468-9b59-f4e8f39732c0,efe8e2a3-eace-427b-b4f1-cb8a937ec77d,e9aa9a3e-5b2b-4ac7-a2c7-073de2b2b24f,8bbdbcdd-5cd4-4100-b6d5-b7c9625b6107,50f4348b-c883-4e2f-8f11-ce233b859fa1,fda095cb-831d-4601-ad94-846013963de8,f92806d7-1768-443f-afe8-12bcde84d0f0,dd3a144d-ab7f-41f0-82b8-2e43a090d496,f0416e68-0200-4b77-a926-4f9d16e494da,970b0598-bcb0-4714-91fb-2e81440dccd8,bcd64cc6-2dd9-43f6-abbe-66318d332032,d930590d-bb92-4cc8-8bd1-23cd027f9edf,a3cd009f-0ab0-420d-9278-b9fdab939bbc,c27215d8-6835-4b68-bfbb-bdeac6100c04,b5d6115f-0370-4d7c-aad3-c194cc71cf98,871c3b6c-7379-419d-bda3-794b239ab90d
4-15-2024 07:27:40-debug: // ---- build task Query asset bundle ---- (16ms)
4-15-2024 07:27:40-debug: run build task Query asset bundle success in 16 ms√, progress: 5%
4-15-2024 07:27:40-debug: [Build Memory track]: Query asset bundle start:208.74MB, end 207.18MB, increase: -1589.91KB
4-15-2024 07:27:40-debug: Query asset bundle start, progress: 5%
4-15-2024 07:27:40-debug: // ---- build task Query asset bundle ----
4-15-2024 07:27:40-debug: // ---- build task Query asset bundle ---- (1ms)
4-15-2024 07:27:40-debug: run build task Query asset bundle success in 1 ms√, progress: 10%
4-15-2024 07:27:40-debug: // ---- build task Sort some build options to settings.json ----
4-15-2024 07:27:40-debug: [Build Memory track]: Query asset bundle start:207.20MB, end 207.21MB, increase: 16.30KB
4-15-2024 07:27:40-debug: Sort some build options to settings.json start, progress: 10%
4-15-2024 07:27:40-debug: // ---- build task Sort some build options to settings.json ---- (1ms)
4-15-2024 07:27:40-debug: run build task Sort some build options to settings.json success in 1 ms√, progress: 12%
4-15-2024 07:27:40-debug: [Build Memory track]: Sort some build options to settings.json start:207.23MB, end 207.25MB, increase: 17.78KB
4-15-2024 07:27:40-debug: Fill script data to settings start, progress: 12%
4-15-2024 07:27:40-debug: // ---- build task Fill script data to settings ----
4-15-2024 07:27:40-debug: // ---- build task Fill script data to settings ---- (1ms)
4-15-2024 07:27:40-debug: [Build Memory track]: Fill script data to settings start:207.26MB, end 207.28MB, increase: 17.18KB
4-15-2024 07:27:40-debug: Sort some build options to settings.json start, progress: 13%
4-15-2024 07:27:40-debug: // ---- build task Sort some build options to settings.json ----
4-15-2024 07:27:40-debug: run build task Fill script data to settings success in 1 ms√, progress: 13%
4-15-2024 07:27:40-debug: // ---- build task Sort some build options to settings.json ---- (5ms)
4-15-2024 07:27:40-debug: run build task Sort some build options to settings.json success in 5 ms√, progress: 15%
4-15-2024 07:27:40-debug: [Build Memory track]: Sort some build options to settings.json start:207.29MB, end 207.42MB, increase: 129.94KB
4-15-2024 07:28:13-debug: refresh db internal success
4-15-2024 07:28:13-debug: refresh db assets success
4-15-2024 07:28:13-debug: Run asset db hook engine-extends:afterRefresh ...
4-15-2024 07:28:13-debug: Run asset db hook engine-extends:afterRefresh success!
4-15-2024 07:28:13-debug: asset-db:refresh-all-database (646ms)
4-15-2024 07:28:13-debug: asset-db:worker-effect-data-processing (3ms)
4-15-2024 07:28:13-debug: asset-db-hook-engine-extends-afterRefresh (4ms)
4-15-2024 07:28:26-debug: Query all assets info in project
4-15-2024 07:28:26-debug: init custom config: keepNodeUuid: false, useCache: true
4-15-2024 07:28:26-debug:   Number of all scenes: 1
4-15-2024 07:28:26-debug:   Number of all scripts: 4
4-15-2024 07:28:26-debug:   Number of other assets: 1496
4-15-2024 07:28:26-debug: Query asset bundle start, progress: 0%
4-15-2024 07:28:26-debug: // ---- build task Query asset bundle ----
4-15-2024 07:28:26-debug: Query preload assets from cc.config.json: 60f7195c-ec2a-45eb-ba94-8955f60e81d0,1c02ae6f-4492-4915-b8f8-7492a3b1e4cd,810e96e4-e456-4468-9b59-f4e8f39732c0,efe8e2a3-eace-427b-b4f1-cb8a937ec77d,e9aa9a3e-5b2b-4ac7-a2c7-073de2b2b24f,8bbdbcdd-5cd4-4100-b6d5-b7c9625b6107,50f4348b-c883-4e2f-8f11-ce233b859fa1,fda095cb-831d-4601-ad94-846013963de8,f92806d7-1768-443f-afe8-12bcde84d0f0,dd3a144d-ab7f-41f0-82b8-2e43a090d496,f0416e68-0200-4b77-a926-4f9d16e494da,970b0598-bcb0-4714-91fb-2e81440dccd8,bcd64cc6-2dd9-43f6-abbe-66318d332032,d930590d-bb92-4cc8-8bd1-23cd027f9edf,a3cd009f-0ab0-420d-9278-b9fdab939bbc,c27215d8-6835-4b68-bfbb-bdeac6100c04,b5d6115f-0370-4d7c-aad3-c194cc71cf98,871c3b6c-7379-419d-bda3-794b239ab90d
4-15-2024 07:28:26-debug: // ---- build task Query asset bundle ---- (16ms)
4-15-2024 07:28:26-debug: run build task Query asset bundle success in 16 ms√, progress: 5%
4-15-2024 07:28:26-debug: [Build Memory track]: Query asset bundle start:209.71MB, end 208.63MB, increase: -1112.00KB
4-15-2024 07:28:26-debug: // ---- build task Query asset bundle ----
4-15-2024 07:28:26-debug: Query asset bundle start, progress: 5%
4-15-2024 07:28:26-debug: // ---- build task Query asset bundle ---- (2ms)
4-15-2024 07:28:26-debug: run build task Query asset bundle success in 2 ms√, progress: 10%
4-15-2024 07:28:26-debug: // ---- build task Sort some build options to settings.json ----
4-15-2024 07:28:26-debug: [Build Memory track]: Query asset bundle start:208.64MB, end 208.65MB, increase: 15.16KB
4-15-2024 07:28:26-debug: Sort some build options to settings.json start, progress: 10%
4-15-2024 07:28:26-debug: // ---- build task Sort some build options to settings.json ---- (2ms)
4-15-2024 07:28:26-debug: run build task Sort some build options to settings.json success in 2 ms√, progress: 12%
4-15-2024 07:28:26-debug: [Build Memory track]: Sort some build options to settings.json start:208.67MB, end 208.69MB, increase: 17.72KB
4-15-2024 07:28:26-debug: // ---- build task Fill script data to settings ----
4-15-2024 07:28:26-debug: Fill script data to settings start, progress: 12%
4-15-2024 07:28:26-debug: run build task Fill script data to settings success in 2 ms√, progress: 13%
4-15-2024 07:28:26-debug: [Build Memory track]: Fill script data to settings start:208.70MB, end 208.72MB, increase: 17.23KB
4-15-2024 07:28:26-debug: // ---- build task Sort some build options to settings.json ----
4-15-2024 07:28:26-debug: // ---- build task Fill script data to settings ---- (2ms)
4-15-2024 07:28:26-debug: Sort some build options to settings.json start, progress: 13%
4-15-2024 07:28:26-debug: // ---- build task Sort some build options to settings.json ---- (5ms)
4-15-2024 07:28:26-debug: run build task Sort some build options to settings.json success in 5 ms√, progress: 15%
4-15-2024 07:28:26-debug: [Build Memory track]: Sort some build options to settings.json start:208.73MB, end 208.86MB, increase: 132.36KB
4-15-2024 07:36:26-debug: refresh db internal success
4-15-2024 07:36:27-debug: refresh db assets success
4-15-2024 07:36:27-debug: Run asset db hook engine-extends:afterRefresh ...
4-15-2024 07:36:27-debug: Run asset db hook engine-extends:afterRefresh success!
4-15-2024 07:36:27-debug: asset-db:refresh-all-database (446ms)
4-15-2024 07:36:27-debug: asset-db:worker-effect-data-processing (1ms)
4-15-2024 07:36:27-debug: asset-db-hook-engine-extends-afterRefresh (2ms)
4-15-2024 07:36:29-debug: Query all assets info in project
4-15-2024 07:36:29-debug: init custom config: keepNodeUuid: false, useCache: true
4-15-2024 07:36:29-debug:   Number of all scenes: 1
4-15-2024 07:36:29-debug:   Number of all scripts: 4
4-15-2024 07:36:29-debug:   Number of other assets: 1496
4-15-2024 07:36:29-debug: Query asset bundle start, progress: 0%
4-15-2024 07:36:29-debug: // ---- build task Query asset bundle ----
4-15-2024 07:36:29-debug: Query preload assets from cc.config.json: 60f7195c-ec2a-45eb-ba94-8955f60e81d0,1c02ae6f-4492-4915-b8f8-7492a3b1e4cd,810e96e4-e456-4468-9b59-f4e8f39732c0,efe8e2a3-eace-427b-b4f1-cb8a937ec77d,e9aa9a3e-5b2b-4ac7-a2c7-073de2b2b24f,8bbdbcdd-5cd4-4100-b6d5-b7c9625b6107,50f4348b-c883-4e2f-8f11-ce233b859fa1,fda095cb-831d-4601-ad94-846013963de8,f92806d7-1768-443f-afe8-12bcde84d0f0,dd3a144d-ab7f-41f0-82b8-2e43a090d496,f0416e68-0200-4b77-a926-4f9d16e494da,970b0598-bcb0-4714-91fb-2e81440dccd8,bcd64cc6-2dd9-43f6-abbe-66318d332032,d930590d-bb92-4cc8-8bd1-23cd027f9edf,a3cd009f-0ab0-420d-9278-b9fdab939bbc,c27215d8-6835-4b68-bfbb-bdeac6100c04,b5d6115f-0370-4d7c-aad3-c194cc71cf98,871c3b6c-7379-419d-bda3-794b239ab90d
4-15-2024 07:36:29-debug: run build task Query asset bundle success in 30 ms√, progress: 5%
4-15-2024 07:36:29-debug: // ---- build task Query asset bundle ---- (30ms)
4-15-2024 07:36:29-debug: [Build Memory track]: Query asset bundle start:214.39MB, end 216.98MB, increase: 2.59MB
4-15-2024 07:36:29-debug: // ---- build task Query asset bundle ----
4-15-2024 07:36:29-debug: Query asset bundle start, progress: 5%
4-15-2024 07:36:29-debug: // ---- build task Query asset bundle ---- (12ms)
4-15-2024 07:36:29-debug: run build task Query asset bundle success in 12 ms√, progress: 10%
4-15-2024 07:36:29-debug: Sort some build options to settings.json start, progress: 10%
4-15-2024 07:36:29-debug: // ---- build task Sort some build options to settings.json ----
4-15-2024 07:36:29-debug: [Build Memory track]: Query asset bundle start:217.00MB, end 217.01MB, increase: 13.15KB
4-15-2024 07:36:29-debug: run build task Sort some build options to settings.json success in 1 ms√, progress: 12%
4-15-2024 07:36:29-debug: [Build Memory track]: Sort some build options to settings.json start:217.03MB, end 217.04MB, increase: 15.79KB
4-15-2024 07:36:29-debug: // ---- build task Sort some build options to settings.json ---- (1ms)
4-15-2024 07:36:29-debug: Fill script data to settings start, progress: 12%
4-15-2024 07:36:29-debug: // ---- build task Fill script data to settings ----
4-15-2024 07:36:29-debug: // ---- build task Fill script data to settings ---- (4ms)
4-15-2024 07:36:29-debug: run build task Fill script data to settings success in 4 ms√, progress: 13%
4-15-2024 07:36:29-debug: [Build Memory track]: Fill script data to settings start:217.05MB, end 217.07MB, increase: 16.41KB
4-15-2024 07:36:29-debug: // ---- build task Sort some build options to settings.json ----
4-15-2024 07:36:29-debug: Sort some build options to settings.json start, progress: 13%
4-15-2024 07:36:29-debug: // ---- build task Sort some build options to settings.json ---- (32ms)
4-15-2024 07:36:29-debug: run build task Sort some build options to settings.json success in 32 ms√, progress: 15%
4-15-2024 07:36:29-debug: [Build Memory track]: Sort some build options to settings.json start:217.09MB, end 193.76MB, increase: -23882.48KB
4-15-2024 07:36:31-debug: refresh db internal success
4-15-2024 07:36:31-debug: refresh db assets success
4-15-2024 07:36:31-debug: Run asset db hook engine-extends:afterRefresh ...
4-15-2024 07:36:31-debug: Run asset db hook engine-extends:afterRefresh success!
4-15-2024 07:36:31-debug: asset-db:refresh-all-database (349ms)
4-15-2024 07:36:31-debug: asset-db:worker-effect-data-processing (1ms)
4-15-2024 07:36:31-debug: asset-db-hook-engine-extends-afterRefresh (1ms)
4-15-2024 07:36:37-debug: programming:execute-script (24ms)
4-15-2024 07:36:38-debug: Query all assets info in project
4-15-2024 07:36:38-debug: init custom config: keepNodeUuid: false, useCache: true
4-15-2024 07:36:38-debug:   Number of all scenes: 1
4-15-2024 07:36:38-debug:   Number of all scripts: 4
4-15-2024 07:36:38-debug:   Number of other assets: 1496
4-15-2024 07:36:38-debug: Query asset bundle start, progress: 0%
4-15-2024 07:36:38-debug: // ---- build task Query asset bundle ----
4-15-2024 07:36:38-debug: Query preload assets from cc.config.json: 60f7195c-ec2a-45eb-ba94-8955f60e81d0,1c02ae6f-4492-4915-b8f8-7492a3b1e4cd,810e96e4-e456-4468-9b59-f4e8f39732c0,efe8e2a3-eace-427b-b4f1-cb8a937ec77d,e9aa9a3e-5b2b-4ac7-a2c7-073de2b2b24f,8bbdbcdd-5cd4-4100-b6d5-b7c9625b6107,50f4348b-c883-4e2f-8f11-ce233b859fa1,fda095cb-831d-4601-ad94-846013963de8,f92806d7-1768-443f-afe8-12bcde84d0f0,dd3a144d-ab7f-41f0-82b8-2e43a090d496,f0416e68-0200-4b77-a926-4f9d16e494da,970b0598-bcb0-4714-91fb-2e81440dccd8,bcd64cc6-2dd9-43f6-abbe-66318d332032,d930590d-bb92-4cc8-8bd1-23cd027f9edf,a3cd009f-0ab0-420d-9278-b9fdab939bbc,c27215d8-6835-4b68-bfbb-bdeac6100c04,b5d6115f-0370-4d7c-aad3-c194cc71cf98,871c3b6c-7379-419d-bda3-794b239ab90d
4-15-2024 07:36:38-debug: Query asset bundle start, progress: 5%
4-15-2024 07:36:38-debug: // ---- build task Query asset bundle ----
4-15-2024 07:36:38-debug: run build task Query asset bundle success in 17 ms√, progress: 5%
4-15-2024 07:36:38-debug: [Build Memory track]: Query asset bundle start:196.80MB, end 202.07MB, increase: 5.27MB
4-15-2024 07:36:38-debug: // ---- build task Query asset bundle ---- (17ms)
4-15-2024 07:36:38-debug: run build task Query asset bundle success in 1 ms√, progress: 10%
4-15-2024 07:36:38-debug: // ---- build task Query asset bundle ---- (1ms)
4-15-2024 07:36:38-debug: // ---- build task Sort some build options to settings.json ----
4-15-2024 07:36:38-debug: [Build Memory track]: Query asset bundle start:202.08MB, end 202.10MB, increase: 16.58KB
4-15-2024 07:36:38-debug: Sort some build options to settings.json start, progress: 10%
4-15-2024 07:36:38-debug: // ---- build task Sort some build options to settings.json ---- (2ms)
4-15-2024 07:36:38-debug: run build task Sort some build options to settings.json success in 2 ms√, progress: 12%
4-15-2024 07:36:38-debug: [Build Memory track]: Sort some build options to settings.json start:202.12MB, end 202.13MB, increase: 16.20KB
4-15-2024 07:36:38-debug: // ---- build task Fill script data to settings ----
4-15-2024 07:36:38-debug: Fill script data to settings start, progress: 12%
4-15-2024 07:36:38-debug: // ---- build task Fill script data to settings ---- (1ms)
4-15-2024 07:36:38-debug: Sort some build options to settings.json start, progress: 13%
4-15-2024 07:36:38-debug: run build task Fill script data to settings success in 1 ms√, progress: 13%
4-15-2024 07:36:38-debug: [Build Memory track]: Fill script data to settings start:202.15MB, end 202.16MB, increase: 19.72KB
4-15-2024 07:36:38-debug: // ---- build task Sort some build options to settings.json ----
4-15-2024 07:36:38-debug: // ---- build task Sort some build options to settings.json ---- (6ms)
4-15-2024 07:36:38-debug: run build task Sort some build options to settings.json success in 6 ms√, progress: 15%
4-15-2024 07:36:38-debug: [Build Memory track]: Sort some build options to settings.json start:202.18MB, end 202.31MB, increase: 137.37KB
4-15-2024 07:37:56-debug: refresh db internal success
4-15-2024 07:37:56-debug: %cImport%c: C:\Users\Admin\Downloads\Telegram Desktop\TigerDragon 8\TigerDragon 4\assets\Scripts\GameController.tsbackground: #aaff85; color: #000;color: #000;
4-15-2024 07:37:56-debug: refresh db assets success
4-15-2024 07:37:56-debug: Run asset db hook engine-extends:afterRefresh ...
4-15-2024 07:37:56-debug: Run asset db hook engine-extends:afterRefresh success!
4-15-2024 07:37:56-debug: asset-db:refresh-all-database (493ms)
4-15-2024 07:37:56-debug: asset-db:worker-effect-data-processing (1ms)
4-15-2024 07:37:56-debug: asset-db-hook-engine-extends-afterRefresh (2ms)
4-15-2024 07:37:59-debug: Query all assets info in project
4-15-2024 07:37:59-debug:   Number of all scenes: 1
4-15-2024 07:37:59-debug:   Number of all scripts: 4
4-15-2024 07:37:59-debug:   Number of other assets: 1496
4-15-2024 07:37:59-debug: init custom config: keepNodeUuid: false, useCache: true
4-15-2024 07:37:59-debug: Query asset bundle start, progress: 0%
4-15-2024 07:37:59-debug: // ---- build task Query asset bundle ----
4-15-2024 07:37:59-debug: Query preload assets from cc.config.json: 60f7195c-ec2a-45eb-ba94-8955f60e81d0,1c02ae6f-4492-4915-b8f8-7492a3b1e4cd,810e96e4-e456-4468-9b59-f4e8f39732c0,efe8e2a3-eace-427b-b4f1-cb8a937ec77d,e9aa9a3e-5b2b-4ac7-a2c7-073de2b2b24f,8bbdbcdd-5cd4-4100-b6d5-b7c9625b6107,50f4348b-c883-4e2f-8f11-ce233b859fa1,fda095cb-831d-4601-ad94-846013963de8,f92806d7-1768-443f-afe8-12bcde84d0f0,dd3a144d-ab7f-41f0-82b8-2e43a090d496,f0416e68-0200-4b77-a926-4f9d16e494da,970b0598-bcb0-4714-91fb-2e81440dccd8,bcd64cc6-2dd9-43f6-abbe-66318d332032,d930590d-bb92-4cc8-8bd1-23cd027f9edf,a3cd009f-0ab0-420d-9278-b9fdab939bbc,c27215d8-6835-4b68-bfbb-bdeac6100c04,b5d6115f-0370-4d7c-aad3-c194cc71cf98,871c3b6c-7379-419d-bda3-794b239ab90d
4-15-2024 07:37:59-debug: // ---- build task Query asset bundle ---- (17ms)
4-15-2024 07:37:59-debug: run build task Query asset bundle success in 17 ms√, progress: 5%
4-15-2024 07:37:59-debug: Query asset bundle start, progress: 5%
4-15-2024 07:37:59-debug: [Build Memory track]: Query asset bundle start:203.54MB, end 202.07MB, increase: -1504.54KB
4-15-2024 07:37:59-debug: // ---- build task Query asset bundle ----
4-15-2024 07:37:59-debug: run build task Query asset bundle success in 1 ms√, progress: 10%
4-15-2024 07:37:59-debug: [Build Memory track]: Query asset bundle start:202.08MB, end 202.10MB, increase: 16.00KB
4-15-2024 07:37:59-debug: // ---- build task Sort some build options to settings.json ----
4-15-2024 07:37:59-debug: Sort some build options to settings.json start, progress: 10%
4-15-2024 07:37:59-debug: // ---- build task Query asset bundle ---- (1ms)
4-15-2024 07:37:59-debug: // ---- build task Sort some build options to settings.json ---- (1ms)
4-15-2024 07:37:59-debug: run build task Sort some build options to settings.json success in 1 ms√, progress: 12%
4-15-2024 07:37:59-debug: [Build Memory track]: Sort some build options to settings.json start:202.11MB, end 202.13MB, increase: 17.15KB
4-15-2024 07:37:59-debug: // ---- build task Fill script data to settings ----
4-15-2024 07:37:59-debug: Fill script data to settings start, progress: 12%
4-15-2024 07:37:59-debug: run build task Fill script data to settings success in √, progress: 13%
4-15-2024 07:37:59-debug: [Build Memory track]: Fill script data to settings start:202.14MB, end 202.16MB, increase: 11.81KB
4-15-2024 07:37:59-debug: Sort some build options to settings.json start, progress: 13%
4-15-2024 07:37:59-debug: // ---- build task Sort some build options to settings.json ----
4-15-2024 07:37:59-debug: // ---- build task Sort some build options to settings.json ---- (5ms)
4-15-2024 07:37:59-debug: run build task Sort some build options to settings.json success in 5 ms√, progress: 15%
4-15-2024 07:37:59-debug: [Build Memory track]: Sort some build options to settings.json start:202.17MB, end 202.29MB, increase: 122.06KB
4-15-2024 07:38:02-debug: programming:execute-script (23ms)
4-15-2024 07:38:03-debug: Query all assets info in project
4-15-2024 07:38:03-debug: init custom config: keepNodeUuid: false, useCache: true
4-15-2024 07:38:03-debug:   Number of all scenes: 1
4-15-2024 07:38:03-debug:   Number of all scripts: 4
4-15-2024 07:38:03-debug:   Number of other assets: 1496
4-15-2024 07:38:03-debug: Query asset bundle start, progress: 0%
4-15-2024 07:38:03-debug: // ---- build task Query asset bundle ----
4-15-2024 07:38:03-debug: Query preload assets from cc.config.json: 60f7195c-ec2a-45eb-ba94-8955f60e81d0,1c02ae6f-4492-4915-b8f8-7492a3b1e4cd,810e96e4-e456-4468-9b59-f4e8f39732c0,efe8e2a3-eace-427b-b4f1-cb8a937ec77d,e9aa9a3e-5b2b-4ac7-a2c7-073de2b2b24f,8bbdbcdd-5cd4-4100-b6d5-b7c9625b6107,50f4348b-c883-4e2f-8f11-ce233b859fa1,fda095cb-831d-4601-ad94-846013963de8,f92806d7-1768-443f-afe8-12bcde84d0f0,dd3a144d-ab7f-41f0-82b8-2e43a090d496,f0416e68-0200-4b77-a926-4f9d16e494da,970b0598-bcb0-4714-91fb-2e81440dccd8,bcd64cc6-2dd9-43f6-abbe-66318d332032,d930590d-bb92-4cc8-8bd1-23cd027f9edf,a3cd009f-0ab0-420d-9278-b9fdab939bbc,c27215d8-6835-4b68-bfbb-bdeac6100c04,b5d6115f-0370-4d7c-aad3-c194cc71cf98,871c3b6c-7379-419d-bda3-794b239ab90d
4-15-2024 07:38:03-debug: // ---- build task Query asset bundle ---- (15ms)
4-15-2024 07:38:03-debug: run build task Query asset bundle success in 15 ms√, progress: 5%
4-15-2024 07:38:03-debug: [Build Memory track]: Query asset bundle start:208.08MB, end 206.05MB, increase: -2083.00KB
4-15-2024 07:38:03-debug: Query asset bundle start, progress: 5%
4-15-2024 07:38:03-debug: // ---- build task Query asset bundle ----
4-15-2024 07:38:03-debug: // ---- build task Query asset bundle ---- (1ms)
4-15-2024 07:38:03-debug: Sort some build options to settings.json start, progress: 10%
4-15-2024 07:38:03-debug: run build task Query asset bundle success in 1 ms√, progress: 10%
4-15-2024 07:38:03-debug: [Build Memory track]: Query asset bundle start:206.06MB, end 206.07MB, increase: 14.54KB
4-15-2024 07:38:03-debug: // ---- build task Sort some build options to settings.json ----
4-15-2024 07:38:03-debug: // ---- build task Sort some build options to settings.json ---- (1ms)
4-15-2024 07:38:03-debug: [Build Memory track]: Sort some build options to settings.json start:206.09MB, end 206.11MB, increase: 19.02KB
4-15-2024 07:38:03-debug: // ---- build task Fill script data to settings ----
4-15-2024 07:38:03-debug: run build task Sort some build options to settings.json success in 1 ms√, progress: 12%
4-15-2024 07:38:03-debug: Fill script data to settings start, progress: 12%
4-15-2024 07:38:03-debug: // ---- build task Fill script data to settings ---- (1ms)
4-15-2024 07:38:03-debug: run build task Fill script data to settings success in 1 ms√, progress: 13%
4-15-2024 07:38:03-debug: [Build Memory track]: Fill script data to settings start:206.12MB, end 206.14MB, increase: 21.27KB
4-15-2024 07:38:03-debug: Sort some build options to settings.json start, progress: 13%
4-15-2024 07:38:03-debug: // ---- build task Sort some build options to settings.json ----
4-15-2024 07:38:03-debug: // ---- build task Sort some build options to settings.json ---- (4ms)
4-15-2024 07:38:03-debug: run build task Sort some build options to settings.json success in 4 ms√, progress: 15%
4-15-2024 07:38:03-debug: [Build Memory track]: Sort some build options to settings.json start:206.16MB, end 206.28MB, increase: 122.94KB
4-15-2024 07:38:22-debug: refresh db internal success
4-15-2024 07:38:22-debug: refresh db assets success
4-15-2024 07:38:22-debug: Run asset db hook engine-extends:afterRefresh success!
4-15-2024 07:38:22-debug: Run asset db hook engine-extends:afterRefresh ...
4-15-2024 07:38:22-debug: asset-db:worker-effect-data-processing (1ms)
4-15-2024 07:38:22-debug: asset-db:refresh-all-database (455ms)
4-15-2024 07:38:22-debug: asset-db-hook-engine-extends-afterRefresh (2ms)
4-15-2024 07:38:27-debug: refresh db internal success
4-15-2024 07:38:27-debug: refresh db assets success
4-15-2024 07:38:27-debug: Run asset db hook engine-extends:afterRefresh ...
4-15-2024 07:38:27-debug: Run asset db hook engine-extends:afterRefresh success!
4-15-2024 07:38:27-debug: asset-db:refresh-all-database (275ms)
4-15-2024 07:38:27-debug: asset-db:worker-effect-data-processing (1ms)
4-15-2024 07:38:27-debug: asset-db-hook-engine-extends-afterRefresh (1ms)
4-15-2024 07:39:59-debug: refresh db internal success
4-15-2024 07:39:59-debug: %cImport%c: C:\Users\Admin\Downloads\Telegram Desktop\TigerDragon 8\TigerDragon 4\assets\Scripts\GameController.tsbackground: #aaff85; color: #000;color: #000;
4-15-2024 07:39:59-debug: Run asset db hook engine-extends:afterRefresh ...
4-15-2024 07:39:59-debug: refresh db assets success
4-15-2024 07:39:59-debug: Run asset db hook engine-extends:afterRefresh success!
4-15-2024 07:39:59-debug: asset-db:refresh-all-database (503ms)
4-15-2024 07:39:59-debug: asset-db-hook-engine-extends-afterRefresh (1ms)
4-15-2024 07:40:02-debug: Query all assets info in project
4-15-2024 07:40:02-debug: init custom config: keepNodeUuid: false, useCache: true
4-15-2024 07:40:02-debug:   Number of all scenes: 1
4-15-2024 07:40:02-debug:   Number of all scripts: 4
4-15-2024 07:40:02-debug:   Number of other assets: 1496
4-15-2024 07:40:02-debug: Query asset bundle start, progress: 0%
4-15-2024 07:40:02-debug: // ---- build task Query asset bundle ----
4-15-2024 07:40:02-debug: Query preload assets from cc.config.json: 60f7195c-ec2a-45eb-ba94-8955f60e81d0,1c02ae6f-4492-4915-b8f8-7492a3b1e4cd,810e96e4-e456-4468-9b59-f4e8f39732c0,efe8e2a3-eace-427b-b4f1-cb8a937ec77d,e9aa9a3e-5b2b-4ac7-a2c7-073de2b2b24f,8bbdbcdd-5cd4-4100-b6d5-b7c9625b6107,50f4348b-c883-4e2f-8f11-ce233b859fa1,fda095cb-831d-4601-ad94-846013963de8,f92806d7-1768-443f-afe8-12bcde84d0f0,dd3a144d-ab7f-41f0-82b8-2e43a090d496,f0416e68-0200-4b77-a926-4f9d16e494da,970b0598-bcb0-4714-91fb-2e81440dccd8,bcd64cc6-2dd9-43f6-abbe-66318d332032,d930590d-bb92-4cc8-8bd1-23cd027f9edf,a3cd009f-0ab0-420d-9278-b9fdab939bbc,c27215d8-6835-4b68-bfbb-bdeac6100c04,b5d6115f-0370-4d7c-aad3-c194cc71cf98,871c3b6c-7379-419d-bda3-794b239ab90d
4-15-2024 07:40:02-debug: // ---- build task Query asset bundle ---- (26ms)
4-15-2024 07:40:02-debug: run build task Query asset bundle success in 26 ms√, progress: 5%
4-15-2024 07:40:02-debug: [Build Memory track]: Query asset bundle start:211.79MB, end 213.38MB, increase: 1.60MB
4-15-2024 07:40:02-debug: Query asset bundle start, progress: 5%
4-15-2024 07:40:02-debug: // ---- build task Query asset bundle ----
4-15-2024 07:40:02-debug: // ---- build task Query asset bundle ---- (2ms)
4-15-2024 07:40:02-debug: run build task Query asset bundle success in 2 ms√, progress: 10%
4-15-2024 07:40:02-debug: [Build Memory track]: Query asset bundle start:213.40MB, end 213.41MB, increase: 12.78KB
4-15-2024 07:40:02-debug: Sort some build options to settings.json start, progress: 10%
4-15-2024 07:40:02-debug: // ---- build task Sort some build options to settings.json ----
4-15-2024 07:40:02-debug: run build task Sort some build options to settings.json success in 1 ms√, progress: 12%
4-15-2024 07:40:02-debug: // ---- build task Sort some build options to settings.json ---- (1ms)
4-15-2024 07:40:02-debug: [Build Memory track]: Sort some build options to settings.json start:213.42MB, end 213.44MB, increase: 16.37KB
4-15-2024 07:40:02-debug: // ---- build task Fill script data to settings ---- (4ms)
4-15-2024 07:40:02-debug: run build task Fill script data to settings success in 4 ms√, progress: 13%
4-15-2024 07:40:02-debug: // ---- build task Sort some build options to settings.json ----
4-15-2024 07:40:02-debug: Sort some build options to settings.json start, progress: 13%
4-15-2024 07:40:02-debug: // ---- build task Fill script data to settings ----
4-15-2024 07:40:02-debug: Fill script data to settings start, progress: 12%
4-15-2024 07:40:02-debug: [Build Memory track]: Fill script data to settings start:213.45MB, end 213.47MB, increase: 13.62KB
4-15-2024 07:40:02-debug: // ---- build task Sort some build options to settings.json ---- (45ms)
4-15-2024 07:40:02-debug: run build task Sort some build options to settings.json success in 45 ms√, progress: 15%
4-15-2024 07:40:02-debug: [Build Memory track]: Sort some build options to settings.json start:213.48MB, end 193.03MB, increase: -20945.56KB
4-15-2024 07:40:05-debug: programming:execute-script (22ms)
4-15-2024 07:40:06-debug: Query all assets info in project
4-15-2024 07:40:06-debug: init custom config: keepNodeUuid: false, useCache: true
4-15-2024 07:40:06-debug:   Number of all scripts: 4
4-15-2024 07:40:06-debug:   Number of all scenes: 1
4-15-2024 07:40:06-debug:   Number of other assets: 1496
4-15-2024 07:40:06-debug: Query asset bundle start, progress: 0%
4-15-2024 07:40:06-debug: // ---- build task Query asset bundle ----
4-15-2024 07:40:06-debug: Query preload assets from cc.config.json: 60f7195c-ec2a-45eb-ba94-8955f60e81d0,1c02ae6f-4492-4915-b8f8-7492a3b1e4cd,810e96e4-e456-4468-9b59-f4e8f39732c0,efe8e2a3-eace-427b-b4f1-cb8a937ec77d,e9aa9a3e-5b2b-4ac7-a2c7-073de2b2b24f,8bbdbcdd-5cd4-4100-b6d5-b7c9625b6107,50f4348b-c883-4e2f-8f11-ce233b859fa1,fda095cb-831d-4601-ad94-846013963de8,f92806d7-1768-443f-afe8-12bcde84d0f0,dd3a144d-ab7f-41f0-82b8-2e43a090d496,f0416e68-0200-4b77-a926-4f9d16e494da,970b0598-bcb0-4714-91fb-2e81440dccd8,bcd64cc6-2dd9-43f6-abbe-66318d332032,d930590d-bb92-4cc8-8bd1-23cd027f9edf,a3cd009f-0ab0-420d-9278-b9fdab939bbc,c27215d8-6835-4b68-bfbb-bdeac6100c04,b5d6115f-0370-4d7c-aad3-c194cc71cf98,871c3b6c-7379-419d-bda3-794b239ab90d
4-15-2024 07:40:06-debug: // ---- build task Query asset bundle ---- (18ms)
4-15-2024 07:40:06-debug: [Build Memory track]: Query asset bundle start:197.48MB, end 196.08MB, increase: -1432.23KB
4-15-2024 07:40:06-debug: run build task Query asset bundle success in 18 ms√, progress: 5%
4-15-2024 07:40:06-debug: // ---- build task Query asset bundle ----
4-15-2024 07:40:06-debug: Query asset bundle start, progress: 5%
4-15-2024 07:40:06-debug: Sort some build options to settings.json start, progress: 10%
4-15-2024 07:40:06-debug: [Build Memory track]: Query asset bundle start:196.09MB, end 196.10MB, increase: 9.97KB
4-15-2024 07:40:06-debug: // ---- build task Sort some build options to settings.json ----
4-15-2024 07:40:06-debug: run build task Query asset bundle success in √, progress: 10%
4-15-2024 07:40:06-debug: // ---- build task Sort some build options to settings.json ---- (1ms)
4-15-2024 07:40:06-debug: run build task Sort some build options to settings.json success in 1 ms√, progress: 12%
4-15-2024 07:40:06-debug: Fill script data to settings start, progress: 12%
4-15-2024 07:40:06-debug: [Build Memory track]: Sort some build options to settings.json start:196.12MB, end 196.13MB, increase: 18.03KB
4-15-2024 07:40:06-debug: // ---- build task Fill script data to settings ----
4-15-2024 07:40:06-debug: // ---- build task Fill script data to settings ---- (1ms)
4-15-2024 07:40:06-debug: run build task Fill script data to settings success in 1 ms√, progress: 13%
4-15-2024 07:40:06-debug: // ---- build task Sort some build options to settings.json ----
4-15-2024 07:40:06-debug: [Build Memory track]: Fill script data to settings start:196.15MB, end 196.16MB, increase: 17.45KB
4-15-2024 07:40:06-debug: Sort some build options to settings.json start, progress: 13%
4-15-2024 07:40:06-debug: // ---- build task Sort some build options to settings.json ---- (4ms)
4-15-2024 07:40:06-debug: run build task Sort some build options to settings.json success in 4 ms√, progress: 15%
4-15-2024 07:40:06-debug: [Build Memory track]: Sort some build options to settings.json start:196.18MB, end 196.30MB, increase: 127.66KB
4-15-2024 07:41:37-debug: refresh db internal success
4-15-2024 07:41:37-debug: refresh db assets success
4-15-2024 07:41:37-debug: Run asset db hook engine-extends:afterRefresh ...
4-15-2024 07:41:37-debug: Run asset db hook engine-extends:afterRefresh success!
4-15-2024 07:41:37-debug: asset-db:refresh-all-database (464ms)
4-15-2024 07:41:37-debug: asset-db:worker-effect-data-processing (2ms)
4-15-2024 07:41:37-debug: asset-db-hook-engine-extends-afterRefresh (2ms)
4-15-2024 07:42:50-debug: refresh db internal success
4-15-2024 07:42:50-debug: refresh db assets success
4-15-2024 07:42:50-debug: Run asset db hook engine-extends:afterRefresh ...
4-15-2024 07:42:50-debug: Run asset db hook engine-extends:afterRefresh success!
4-15-2024 07:42:50-debug: asset-db:refresh-all-database (452ms)
4-15-2024 07:46:17-debug: refresh db internal success
4-15-2024 07:46:17-debug: %cImport%c: C:\Users\Admin\Downloads\Telegram Desktop\TigerDragon 8\TigerDragon 4\assets\Scripts\GameController.tsbackground: #aaff85; color: #000;color: #000;
4-15-2024 07:46:17-debug: refresh db assets success
4-15-2024 07:46:17-debug: Run asset db hook engine-extends:afterRefresh ...
4-15-2024 07:46:17-debug: Run asset db hook engine-extends:afterRefresh success!
4-15-2024 07:46:17-debug: asset-db:refresh-all-database (393ms)
4-15-2024 07:46:17-debug: asset-db:worker-effect-data-processing (3ms)
4-15-2024 07:46:17-debug: asset-db-hook-engine-extends-afterRefresh (3ms)
4-15-2024 07:46:20-debug: Query all assets info in project
4-15-2024 07:46:20-debug: init custom config: keepNodeUuid: false, useCache: true
4-15-2024 07:46:20-debug:   Number of all scripts: 4
4-15-2024 07:46:20-debug:   Number of other assets: 1496
4-15-2024 07:46:20-debug:   Number of all scenes: 1
4-15-2024 07:46:20-debug: Query asset bundle start, progress: 0%
4-15-2024 07:46:20-debug: // ---- build task Query asset bundle ----
4-15-2024 07:46:20-debug: Query preload assets from cc.config.json: 60f7195c-ec2a-45eb-ba94-8955f60e81d0,1c02ae6f-4492-4915-b8f8-7492a3b1e4cd,810e96e4-e456-4468-9b59-f4e8f39732c0,efe8e2a3-eace-427b-b4f1-cb8a937ec77d,e9aa9a3e-5b2b-4ac7-a2c7-073de2b2b24f,8bbdbcdd-5cd4-4100-b6d5-b7c9625b6107,50f4348b-c883-4e2f-8f11-ce233b859fa1,fda095cb-831d-4601-ad94-846013963de8,f92806d7-1768-443f-afe8-12bcde84d0f0,dd3a144d-ab7f-41f0-82b8-2e43a090d496,f0416e68-0200-4b77-a926-4f9d16e494da,970b0598-bcb0-4714-91fb-2e81440dccd8,bcd64cc6-2dd9-43f6-abbe-66318d332032,d930590d-bb92-4cc8-8bd1-23cd027f9edf,a3cd009f-0ab0-420d-9278-b9fdab939bbc,c27215d8-6835-4b68-bfbb-bdeac6100c04,b5d6115f-0370-4d7c-aad3-c194cc71cf98,871c3b6c-7379-419d-bda3-794b239ab90d
4-15-2024 07:46:20-debug: // ---- build task Query asset bundle ---- (21ms)
4-15-2024 07:46:20-debug: run build task Query asset bundle success in 21 ms√, progress: 5%
4-15-2024 07:46:20-debug: // ---- build task Query asset bundle ----
4-15-2024 07:46:20-debug: [Build Memory track]: Query asset bundle start:202.98MB, end 205.58MB, increase: 2.60MB
4-15-2024 07:46:20-debug: Query asset bundle start, progress: 5%
4-15-2024 07:46:20-debug: // ---- build task Query asset bundle ---- (2ms)
4-15-2024 07:46:20-debug: run build task Query asset bundle success in 2 ms√, progress: 10%
4-15-2024 07:46:20-debug: [Build Memory track]: Query asset bundle start:205.59MB, end 205.60MB, increase: 14.10KB
4-15-2024 07:46:20-debug: Sort some build options to settings.json start, progress: 10%
4-15-2024 07:46:20-debug: // ---- build task Sort some build options to settings.json ----
4-15-2024 07:46:20-debug: // ---- build task Sort some build options to settings.json ---- (2ms)
4-15-2024 07:46:20-debug: run build task Sort some build options to settings.json success in 2 ms√, progress: 12%
4-15-2024 07:46:20-debug: Fill script data to settings start, progress: 12%
4-15-2024 07:46:20-debug: [Build Memory track]: Sort some build options to settings.json start:205.62MB, end 205.64MB, increase: 18.75KB
4-15-2024 07:46:20-debug: // ---- build task Fill script data to settings ----
4-15-2024 07:46:20-debug: // ---- build task Fill script data to settings ---- (3ms)
4-15-2024 07:46:20-debug: run build task Fill script data to settings success in 3 ms√, progress: 13%
4-15-2024 07:46:20-debug: [Build Memory track]: Fill script data to settings start:205.65MB, end 205.67MB, increase: 18.46KB
4-15-2024 07:46:20-debug: Sort some build options to settings.json start, progress: 13%
4-15-2024 07:46:20-debug: // ---- build task Sort some build options to settings.json ----
4-15-2024 07:46:20-debug: // ---- build task Sort some build options to settings.json ---- (5ms)
4-15-2024 07:46:20-debug: run build task Sort some build options to settings.json success in 5 ms√, progress: 15%
4-15-2024 07:46:20-debug: [Build Memory track]: Sort some build options to settings.json start:205.68MB, end 205.80MB, increase: 123.83KB
4-15-2024 07:46:23-debug: programming:execute-script (34ms)
4-15-2024 07:46:24-debug: Query all assets info in project
4-15-2024 07:46:24-debug: init custom config: keepNodeUuid: false, useCache: true
4-15-2024 07:46:24-debug:   Number of all scenes: 1
4-15-2024 07:46:24-debug:   Number of all scripts: 4
4-15-2024 07:46:24-debug:   Number of other assets: 1496
4-15-2024 07:46:24-debug: // ---- build task Query asset bundle ----
4-15-2024 07:46:24-debug: Query asset bundle start, progress: 0%
4-15-2024 07:46:24-debug: Query preload assets from cc.config.json: 60f7195c-ec2a-45eb-ba94-8955f60e81d0,1c02ae6f-4492-4915-b8f8-7492a3b1e4cd,810e96e4-e456-4468-9b59-f4e8f39732c0,efe8e2a3-eace-427b-b4f1-cb8a937ec77d,e9aa9a3e-5b2b-4ac7-a2c7-073de2b2b24f,8bbdbcdd-5cd4-4100-b6d5-b7c9625b6107,50f4348b-c883-4e2f-8f11-ce233b859fa1,fda095cb-831d-4601-ad94-846013963de8,f92806d7-1768-443f-afe8-12bcde84d0f0,dd3a144d-ab7f-41f0-82b8-2e43a090d496,f0416e68-0200-4b77-a926-4f9d16e494da,970b0598-bcb0-4714-91fb-2e81440dccd8,bcd64cc6-2dd9-43f6-abbe-66318d332032,d930590d-bb92-4cc8-8bd1-23cd027f9edf,a3cd009f-0ab0-420d-9278-b9fdab939bbc,c27215d8-6835-4b68-bfbb-bdeac6100c04,b5d6115f-0370-4d7c-aad3-c194cc71cf98,871c3b6c-7379-419d-bda3-794b239ab90d
4-15-2024 07:46:24-debug: // ---- build task Query asset bundle ---- (17ms)
4-15-2024 07:46:24-debug: run build task Query asset bundle success in 17 ms√, progress: 5%
4-15-2024 07:46:24-debug: Query asset bundle start, progress: 5%
4-15-2024 07:46:24-debug: // ---- build task Query asset bundle ----
4-15-2024 07:46:24-debug: [Build Memory track]: Query asset bundle start:210.71MB, end 209.50MB, increase: -1245.32KB
4-15-2024 07:46:24-debug: // ---- build task Query asset bundle ---- (2ms)
4-15-2024 07:46:24-debug: Sort some build options to settings.json start, progress: 10%
4-15-2024 07:46:24-debug: // ---- build task Sort some build options to settings.json ----
4-15-2024 07:46:24-debug: [Build Memory track]: Query asset bundle start:209.51MB, end 209.52MB, increase: 15.26KB
4-15-2024 07:46:24-debug: run build task Query asset bundle success in 2 ms√, progress: 10%
4-15-2024 07:46:24-debug: // ---- build task Sort some build options to settings.json ---- (2ms)
4-15-2024 07:46:24-debug: run build task Sort some build options to settings.json success in 2 ms√, progress: 12%
4-15-2024 07:46:24-debug: [Build Memory track]: Sort some build options to settings.json start:209.54MB, end 209.56MB, increase: 17.72KB
4-15-2024 07:46:24-debug: // ---- build task Fill script data to settings ----
4-15-2024 07:46:24-debug: Fill script data to settings start, progress: 12%
4-15-2024 07:46:24-debug: // ---- build task Fill script data to settings ---- (2ms)
4-15-2024 07:46:24-debug: run build task Fill script data to settings success in 2 ms√, progress: 13%
4-15-2024 07:46:24-debug: [Build Memory track]: Fill script data to settings start:209.57MB, end 209.59MB, increase: 16.36KB
4-15-2024 07:46:24-debug: Sort some build options to settings.json start, progress: 13%
4-15-2024 07:46:24-debug: // ---- build task Sort some build options to settings.json ----
4-15-2024 07:46:24-debug: // ---- build task Sort some build options to settings.json ---- (7ms)
4-15-2024 07:46:24-debug: run build task Sort some build options to settings.json success in 7 ms√, progress: 15%
4-15-2024 07:46:24-debug: [Build Memory track]: Sort some build options to settings.json start:209.60MB, end 209.73MB, increase: 128.83KB
4-15-2024 07:47:33-debug: refresh db internal success
4-15-2024 07:47:33-debug: %cImport%c: C:\Users\Admin\Downloads\Telegram Desktop\TigerDragon 8\TigerDragon 4\assets\Scripts\GameController.tsbackground: #aaff85; color: #000;color: #000;
4-15-2024 07:47:34-debug: refresh db assets success
4-15-2024 07:47:34-debug: Run asset db hook engine-extends:afterRefresh success!
4-15-2024 07:47:34-debug: Run asset db hook engine-extends:afterRefresh ...
4-15-2024 07:47:34-debug: asset-db:refresh-all-database (548ms)
4-15-2024 07:47:34-debug: asset-db:worker-effect-data-processing (1ms)
4-15-2024 07:47:34-debug: asset-db-hook-engine-extends-afterRefresh (1ms)
4-15-2024 07:47:36-debug: Query all assets info in project
4-15-2024 07:47:36-debug: init custom config: keepNodeUuid: false, useCache: true
4-15-2024 07:47:36-debug:   Number of all scenes: 1
4-15-2024 07:47:36-debug:   Number of all scripts: 4
4-15-2024 07:47:36-debug:   Number of other assets: 1496
4-15-2024 07:47:36-debug: Query asset bundle start, progress: 0%
4-15-2024 07:47:36-debug: // ---- build task Query asset bundle ----
4-15-2024 07:47:36-debug: Query preload assets from cc.config.json: 60f7195c-ec2a-45eb-ba94-8955f60e81d0,1c02ae6f-4492-4915-b8f8-7492a3b1e4cd,810e96e4-e456-4468-9b59-f4e8f39732c0,efe8e2a3-eace-427b-b4f1-cb8a937ec77d,e9aa9a3e-5b2b-4ac7-a2c7-073de2b2b24f,8bbdbcdd-5cd4-4100-b6d5-b7c9625b6107,50f4348b-c883-4e2f-8f11-ce233b859fa1,fda095cb-831d-4601-ad94-846013963de8,f92806d7-1768-443f-afe8-12bcde84d0f0,dd3a144d-ab7f-41f0-82b8-2e43a090d496,f0416e68-0200-4b77-a926-4f9d16e494da,970b0598-bcb0-4714-91fb-2e81440dccd8,bcd64cc6-2dd9-43f6-abbe-66318d332032,d930590d-bb92-4cc8-8bd1-23cd027f9edf,a3cd009f-0ab0-420d-9278-b9fdab939bbc,c27215d8-6835-4b68-bfbb-bdeac6100c04,b5d6115f-0370-4d7c-aad3-c194cc71cf98,871c3b6c-7379-419d-bda3-794b239ab90d
4-15-2024 07:47:36-debug: // ---- build task Query asset bundle ---- (17ms)
4-15-2024 07:47:36-debug: run build task Query asset bundle success in 17 ms√, progress: 5%
4-15-2024 07:47:36-debug: [Build Memory track]: Query asset bundle start:210.76MB, end 213.35MB, increase: 2.59MB
4-15-2024 07:47:36-debug: Query asset bundle start, progress: 5%
4-15-2024 07:47:36-debug: // ---- build task Query asset bundle ----
4-15-2024 07:47:36-debug: // ---- build task Query asset bundle ---- (6ms)
4-15-2024 07:47:36-debug: [Build Memory track]: Query asset bundle start:213.36MB, end 213.38MB, increase: 13.07KB
4-15-2024 07:47:36-debug: Sort some build options to settings.json start, progress: 10%
4-15-2024 07:47:36-debug: run build task Query asset bundle success in 6 ms√, progress: 10%
4-15-2024 07:47:36-debug: // ---- build task Sort some build options to settings.json ----
4-15-2024 07:47:36-debug: run build task Sort some build options to settings.json success in 10 ms√, progress: 12%
4-15-2024 07:47:36-debug: // ---- build task Sort some build options to settings.json ---- (10ms)
4-15-2024 07:47:36-debug: [Build Memory track]: Sort some build options to settings.json start:213.39MB, end 213.40MB, increase: 14.59KB
4-15-2024 07:47:36-debug: Fill script data to settings start, progress: 12%
4-15-2024 07:47:36-debug: // ---- build task Fill script data to settings ----
4-15-2024 07:47:36-debug: // ---- build task Fill script data to settings ---- (2ms)
4-15-2024 07:47:36-debug: run build task Fill script data to settings success in 2 ms√, progress: 13%
4-15-2024 07:47:36-debug: // ---- build task Sort some build options to settings.json ----
4-15-2024 07:47:36-debug: Sort some build options to settings.json start, progress: 13%
4-15-2024 07:47:36-debug: [Build Memory track]: Fill script data to settings start:213.42MB, end 213.43MB, increase: 13.32KB
4-15-2024 07:47:36-debug: // ---- build task Sort some build options to settings.json ---- (38ms)
4-15-2024 07:47:36-debug: run build task Sort some build options to settings.json success in 38 ms√, progress: 15%
4-15-2024 07:47:36-debug: [Build Memory track]: Sort some build options to settings.json start:213.45MB, end 193.05MB, increase: -20881.33KB
4-15-2024 07:47:36-debug: Query all assets info in project
4-15-2024 07:47:36-debug: init custom config: keepNodeUuid: false, useCache: true
4-15-2024 07:47:36-debug:   Number of all scenes: 1
4-15-2024 07:47:36-debug:   Number of all scripts: 4
4-15-2024 07:47:36-debug:   Number of other assets: 1496
4-15-2024 07:47:36-debug: Query asset bundle start, progress: 0%
4-15-2024 07:47:36-debug: // ---- build task Query asset bundle ----
4-15-2024 07:47:36-debug: Query preload assets from cc.config.json: 60f7195c-ec2a-45eb-ba94-8955f60e81d0,1c02ae6f-4492-4915-b8f8-7492a3b1e4cd,810e96e4-e456-4468-9b59-f4e8f39732c0,efe8e2a3-eace-427b-b4f1-cb8a937ec77d,e9aa9a3e-5b2b-4ac7-a2c7-073de2b2b24f,8bbdbcdd-5cd4-4100-b6d5-b7c9625b6107,50f4348b-c883-4e2f-8f11-ce233b859fa1,fda095cb-831d-4601-ad94-846013963de8,f92806d7-1768-443f-afe8-12bcde84d0f0,dd3a144d-ab7f-41f0-82b8-2e43a090d496,f0416e68-0200-4b77-a926-4f9d16e494da,970b0598-bcb0-4714-91fb-2e81440dccd8,bcd64cc6-2dd9-43f6-abbe-66318d332032,d930590d-bb92-4cc8-8bd1-23cd027f9edf,a3cd009f-0ab0-420d-9278-b9fdab939bbc,c27215d8-6835-4b68-bfbb-bdeac6100c04,b5d6115f-0370-4d7c-aad3-c194cc71cf98,871c3b6c-7379-419d-bda3-794b239ab90d
4-15-2024 07:47:36-debug: // ---- build task Query asset bundle ---- (23ms)
4-15-2024 07:47:36-debug: run build task Query asset bundle success in 23 ms√, progress: 5%
4-15-2024 07:47:36-debug: // ---- build task Query asset bundle ----
4-15-2024 07:47:36-debug: [Build Memory track]: Query asset bundle start:200.33MB, end 198.40MB, increase: -1974.57KB
4-15-2024 07:47:36-debug: Query asset bundle start, progress: 5%
4-15-2024 07:47:36-debug: run build task Query asset bundle success in 1 ms√, progress: 10%
4-15-2024 07:47:36-debug: [Build Memory track]: Query asset bundle start:198.41MB, end 198.43MB, increase: 15.21KB
4-15-2024 07:47:36-debug: Sort some build options to settings.json start, progress: 10%
4-15-2024 07:47:36-debug: // ---- build task Query asset bundle ---- (1ms)
4-15-2024 07:47:36-debug: // ---- build task Sort some build options to settings.json ----
4-15-2024 07:47:36-debug: // ---- build task Sort some build options to settings.json ---- (2ms)
4-15-2024 07:47:36-debug: [Build Memory track]: Sort some build options to settings.json start:198.44MB, end 198.46MB, increase: 17.56KB
4-15-2024 07:47:36-debug: Fill script data to settings start, progress: 12%
4-15-2024 07:47:36-debug: // ---- build task Fill script data to settings ----
4-15-2024 07:47:36-debug: run build task Sort some build options to settings.json success in 2 ms√, progress: 12%
4-15-2024 07:47:36-debug: // ---- build task Fill script data to settings ---- (2ms)
4-15-2024 07:47:36-debug: run build task Fill script data to settings success in 2 ms√, progress: 13%
4-15-2024 07:47:36-debug: [Build Memory track]: Fill script data to settings start:198.48MB, end 198.49MB, increase: 16.04KB
4-15-2024 07:47:36-debug: // ---- build task Sort some build options to settings.json ----
4-15-2024 07:47:36-debug: Sort some build options to settings.json start, progress: 13%
4-15-2024 07:47:36-debug: // ---- build task Sort some build options to settings.json ---- (6ms)
4-15-2024 07:47:36-debug: run build task Sort some build options to settings.json success in 6 ms√, progress: 15%
4-15-2024 07:47:36-debug: [Build Memory track]: Sort some build options to settings.json start:198.51MB, end 198.62MB, increase: 121.97KB
4-15-2024 08:00:59-debug: refresh db internal success
4-15-2024 08:00:59-debug: refresh db assets success
4-15-2024 08:00:59-debug: Run asset db hook engine-extends:afterRefresh ...
4-15-2024 08:00:59-debug: Run asset db hook engine-extends:afterRefresh success!
4-15-2024 08:00:59-debug: asset-db:refresh-all-database (392ms)
4-15-2024 08:00:59-debug: asset-db:worker-effect-data-processing (1ms)
4-15-2024 08:00:59-debug: asset-db-hook-engine-extends-afterRefresh (1ms)
4-15-2024 08:38:10-debug: refresh db internal success
4-15-2024 08:38:11-debug: refresh db assets success
4-15-2024 08:38:11-debug: Run asset db hook engine-extends:afterRefresh ...
4-15-2024 08:38:11-debug: Run asset db hook engine-extends:afterRefresh success!
4-15-2024 08:38:11-debug: asset-db:refresh-all-database (507ms)
4-15-2024 08:38:11-debug: asset-db:worker-effect-data-processing (2ms)
4-15-2024 08:38:11-debug: asset-db-hook-engine-extends-afterRefresh (2ms)
4-15-2024 08:38:17-debug: refresh db internal success
4-15-2024 08:38:17-debug: refresh db assets success
4-15-2024 08:38:17-debug: Run asset db hook engine-extends:afterRefresh success!
4-15-2024 08:38:17-debug: Run asset db hook engine-extends:afterRefresh ...
4-15-2024 08:38:17-debug: asset-db:refresh-all-database (238ms)
4-15-2024 08:38:17-debug: asset-db:worker-effect-data-processing (1ms)
4-15-2024 08:38:17-debug: asset-db-hook-engine-extends-afterRefresh (1ms)
4-15-2024 08:46:34-debug: refresh db internal success
4-15-2024 08:46:34-debug: refresh db assets success
4-15-2024 08:46:34-debug: Run asset db hook engine-extends:afterRefresh ...
4-15-2024 08:46:34-debug: Run asset db hook engine-extends:afterRefresh success!
4-15-2024 08:46:34-debug: asset-db:refresh-all-database (366ms)
4-15-2024 08:46:34-debug: asset-db:worker-effect-data-processing (1ms)
4-15-2024 08:46:34-debug: asset-db-hook-engine-extends-afterRefresh (1ms)
4-15-2024 08:46:43-debug: start refresh asset from C:\Users\Admin\Downloads\Telegram Desktop\TigerDragon 8\TigerDragon 4\assets\Image\avatarSquare.png...
4-15-2024 08:46:43-debug: %cImport%c: C:\Users\Admin\Downloads\Telegram Desktop\TigerDragon 8\TigerDragon 4\assets\Image\avatarSquare.pngbackground: #aaff85; color: #000;color: #000;
4-15-2024 08:46:43-debug: %cImport%c: C:\Users\Admin\Downloads\Telegram Desktop\TigerDragon 8\TigerDragon 4\assets\Image\avatarSquare.png@6c48abackground: #aaff85; color: #000;color: #000;
4-15-2024 08:46:43-debug: %cImport%c: C:\Users\Admin\Downloads\Telegram Desktop\TigerDragon 8\TigerDragon 4\assets\Image\avatarSquare.png@f9941background: #aaff85; color: #000;color: #000;
4-15-2024 08:46:43-debug: refresh asset C:\Users\Admin\Downloads\Telegram Desktop\TigerDragon 8\TigerDragon 4\assets\Image success
4-15-2024 08:46:43-debug: %cImport%c: C:\Users\Admin\Downloads\Telegram Desktop\TigerDragon 8\TigerDragon 4\assets\Imagebackground: #aaff85; color: #000;color: #000;
4-15-2024 08:46:43-debug: refresh db internal success
4-15-2024 08:46:43-debug: refresh db assets success
4-15-2024 08:46:43-debug: Run asset db hook engine-extends:afterRefresh ...
4-15-2024 08:46:43-debug: Run asset db hook engine-extends:afterRefresh success!
4-15-2024 08:46:43-debug: asset-db:refresh-all-database (341ms)
4-15-2024 08:46:43-debug: asset-db:worker-effect-data-processing (1ms)
4-15-2024 08:46:43-debug: asset-db-hook-engine-extends-afterRefresh (1ms)
4-15-2024 08:52:34-debug: start refresh asset from C:\Users\Admin\Downloads\Telegram Desktop\TigerDragon 8\TigerDragon 4\assets\Scene\Game.scene...
4-15-2024 08:52:34-debug: %cImport%c: C:\Users\Admin\Downloads\Telegram Desktop\TigerDragon 8\TigerDragon 4\assets\Scene\Game.scenebackground: #aaff85; color: #000;color: #000;
4-15-2024 08:52:34-debug: refresh asset C:\Users\Admin\Downloads\Telegram Desktop\TigerDragon 8\TigerDragon 4\assets\Scene success
4-15-2024 08:52:35-debug: Query all assets info in project
4-15-2024 08:52:35-debug: init custom config: keepNodeUuid: false, useCache: true
4-15-2024 08:52:35-debug:   Number of all scenes: 1
4-15-2024 08:52:35-debug:   Number of all scripts: 4
4-15-2024 08:52:35-debug:   Number of other assets: 1499
4-15-2024 08:52:35-debug: // ---- build task Query asset bundle ----
4-15-2024 08:52:35-debug: Query asset bundle start, progress: 0%
4-15-2024 08:52:35-debug: Query preload assets from cc.config.json: 60f7195c-ec2a-45eb-ba94-8955f60e81d0,1c02ae6f-4492-4915-b8f8-7492a3b1e4cd,810e96e4-e456-4468-9b59-f4e8f39732c0,efe8e2a3-eace-427b-b4f1-cb8a937ec77d,e9aa9a3e-5b2b-4ac7-a2c7-073de2b2b24f,8bbdbcdd-5cd4-4100-b6d5-b7c9625b6107,50f4348b-c883-4e2f-8f11-ce233b859fa1,fda095cb-831d-4601-ad94-846013963de8,f92806d7-1768-443f-afe8-12bcde84d0f0,dd3a144d-ab7f-41f0-82b8-2e43a090d496,f0416e68-0200-4b77-a926-4f9d16e494da,970b0598-bcb0-4714-91fb-2e81440dccd8,bcd64cc6-2dd9-43f6-abbe-66318d332032,d930590d-bb92-4cc8-8bd1-23cd027f9edf,a3cd009f-0ab0-420d-9278-b9fdab939bbc,c27215d8-6835-4b68-bfbb-bdeac6100c04,b5d6115f-0370-4d7c-aad3-c194cc71cf98,871c3b6c-7379-419d-bda3-794b239ab90d
4-15-2024 08:52:35-debug: run build task Query asset bundle success in 36 ms√, progress: 5%
4-15-2024 08:52:35-debug: [Build Memory track]: Query asset bundle start:217.63MB, end 196.42MB, increase: -21721.48KB
4-15-2024 08:52:35-debug: // ---- build task Query asset bundle ---- (36ms)
4-15-2024 08:52:35-debug: // ---- build task Query asset bundle ----
4-15-2024 08:52:35-debug: Query asset bundle start, progress: 5%
4-15-2024 08:52:35-debug: // ---- build task Query asset bundle ---- (1ms)
4-15-2024 08:52:35-debug: run build task Query asset bundle success in 1 ms√, progress: 10%
4-15-2024 08:52:35-debug: [Build Memory track]: Query asset bundle start:196.43MB, end 196.45MB, increase: 15.12KB
4-15-2024 08:52:35-debug: // ---- build task Sort some build options to settings.json ----
4-15-2024 08:52:35-debug: Sort some build options to settings.json start, progress: 10%
4-15-2024 08:52:35-debug: // ---- build task Sort some build options to settings.json ---- (1ms)
4-15-2024 08:52:35-debug: run build task Sort some build options to settings.json success in 1 ms√, progress: 12%
4-15-2024 08:52:35-debug: [Build Memory track]: Sort some build options to settings.json start:196.46MB, end 196.48MB, increase: 17.67KB
4-15-2024 08:52:35-debug: // ---- build task Fill script data to settings ----
4-15-2024 08:52:35-debug: Fill script data to settings start, progress: 12%
4-15-2024 08:52:35-debug: // ---- build task Fill script data to settings ---- (2ms)
4-15-2024 08:52:35-debug: run build task Fill script data to settings success in 2 ms√, progress: 13%
4-15-2024 08:52:35-debug: [Build Memory track]: Fill script data to settings start:196.49MB, end 196.51MB, increase: 16.52KB
4-15-2024 08:52:35-debug: // ---- build task Sort some build options to settings.json ----
4-15-2024 08:52:35-debug: Sort some build options to settings.json start, progress: 13%
4-15-2024 08:52:35-debug: // ---- build task Sort some build options to settings.json ---- (5ms)
4-15-2024 08:52:35-debug: [Build Memory track]: Sort some build options to settings.json start:196.52MB, end 196.65MB, increase: 125.09KB
4-15-2024 08:52:35-debug: run build task Sort some build options to settings.json success in 5 ms√, progress: 15%
4-15-2024 08:52:35-debug: Query all assets info in project
4-15-2024 08:52:35-debug: init custom config: keepNodeUuid: false, useCache: true
4-15-2024 08:52:35-debug:   Number of all scenes: 1
4-15-2024 08:52:35-debug:   Number of all scripts: 4
4-15-2024 08:52:35-debug:   Number of other assets: 1499
4-15-2024 08:52:35-debug: Query asset bundle start, progress: 0%
4-15-2024 08:52:35-debug: // ---- build task Query asset bundle ----
4-15-2024 08:52:35-debug: Query preload assets from cc.config.json: 60f7195c-ec2a-45eb-ba94-8955f60e81d0,1c02ae6f-4492-4915-b8f8-7492a3b1e4cd,810e96e4-e456-4468-9b59-f4e8f39732c0,efe8e2a3-eace-427b-b4f1-cb8a937ec77d,e9aa9a3e-5b2b-4ac7-a2c7-073de2b2b24f,8bbdbcdd-5cd4-4100-b6d5-b7c9625b6107,50f4348b-c883-4e2f-8f11-ce233b859fa1,fda095cb-831d-4601-ad94-846013963de8,f92806d7-1768-443f-afe8-12bcde84d0f0,dd3a144d-ab7f-41f0-82b8-2e43a090d496,f0416e68-0200-4b77-a926-4f9d16e494da,970b0598-bcb0-4714-91fb-2e81440dccd8,bcd64cc6-2dd9-43f6-abbe-66318d332032,d930590d-bb92-4cc8-8bd1-23cd027f9edf,a3cd009f-0ab0-420d-9278-b9fdab939bbc,c27215d8-6835-4b68-bfbb-bdeac6100c04,b5d6115f-0370-4d7c-aad3-c194cc71cf98,871c3b6c-7379-419d-bda3-794b239ab90d
4-15-2024 08:52:35-debug: // ---- build task Query asset bundle ---- (20ms)
4-15-2024 08:52:35-debug: run build task Query asset bundle success in 20 ms√, progress: 5%
4-15-2024 08:52:35-debug: // ---- build task Query asset bundle ----
4-15-2024 08:52:35-debug: [Build Memory track]: Query asset bundle start:200.06MB, end 198.41MB, increase: -1690.79KB
4-15-2024 08:52:35-debug: Query asset bundle start, progress: 5%
4-15-2024 08:52:35-debug: run build task Query asset bundle success in √, progress: 10%
4-15-2024 08:52:35-debug: [Build Memory track]: Query asset bundle start:198.42MB, end 198.43MB, increase: 11.21KB
4-15-2024 08:52:35-debug: Sort some build options to settings.json start, progress: 10%
4-15-2024 08:52:35-debug: // ---- build task Sort some build options to settings.json ----
4-15-2024 08:52:35-debug: run build task Sort some build options to settings.json success in √, progress: 12%
4-15-2024 08:52:35-debug: [Build Memory track]: Sort some build options to settings.json start:198.44MB, end 198.46MB, increase: 12.67KB
4-15-2024 08:52:35-debug: Fill script data to settings start, progress: 12%
4-15-2024 08:52:35-debug: // ---- build task Fill script data to settings ----
4-15-2024 08:52:35-debug: // ---- build task Fill script data to settings ---- (1ms)
4-15-2024 08:52:35-debug: run build task Fill script data to settings success in 1 ms√, progress: 13%
4-15-2024 08:52:35-debug: // ---- build task Sort some build options to settings.json ----
4-15-2024 08:52:35-debug: [Build Memory track]: Fill script data to settings start:198.47MB, end 198.49MB, increase: 17.11KB
4-15-2024 08:52:35-debug: Sort some build options to settings.json start, progress: 13%
4-15-2024 08:52:35-debug: // ---- build task Sort some build options to settings.json ---- (4ms)
4-15-2024 08:52:35-debug: run build task Sort some build options to settings.json success in 4 ms√, progress: 15%
4-15-2024 08:52:35-debug: [Build Memory track]: Sort some build options to settings.json start:198.50MB, end 198.62MB, increase: 120.20KB
