4-16-2024 18:12:40-log: Cannot access game frame or container.
4-16-2024 18:12:41-debug: asset-db:require-engine-code (1041ms)
4-16-2024 18:12:41-log: meshopt wasm decoder initialized
4-16-2024 18:12:41-log: [box2d]:box2d wasm lib loaded.
4-16-2024 18:12:41-log: [bullet]:bullet wasm lib loaded.
4-16-2024 18:12:42-log: Cocos Creator v3.8.2
4-16-2024 18:12:44-debug: [Assets Memory track]: asset-db-plugin-register: engine-extends start:108.19MB, end 236.96MB, increase: 128.77MB
4-16-2024 18:12:42-debug: [Assets Memory track]: asset-db-plugin-register: programming start:106.64MB, end 108.14MB, increase: 1.50MB
4-16-2024 18:12:44-debug: [Assets Memory track]: asset-db-plugin-enable: builder start:108.80MB, end 234.23MB, increase: 125.43MB
4-16-2024 18:12:44-debug: [Assets Memory track]: asset-db-plugin-enable: project start:108.46MB, end 236.97MB, increase: 128.51MB
4-16-2024 18:12:42-debug: [Assets Memory track]: asset-db:worker-init: initEngine start:21.21MB, end 106.03MB, increase: 84.82MB
4-16-2024 18:12:44-debug: [Assets Memory track]: asset-db:worker-init: initPlugin start:106.03MB, end 237.08MB, increase: 131.05MB
4-16-2024 18:12:44-debug: run package(ios) handler(enable) start
4-16-2024 18:12:44-debug: run package(linux) handler(enable) success!
4-16-2024 18:12:44-debug: run package(mac) handler(enable) success!
4-16-2024 18:12:44-debug: run package(native) handler(enable) start
4-16-2024 18:12:44-debug: run package(native) handler(enable) success!
4-16-2024 18:12:44-debug: run package(ohos) handler(enable) start
4-16-2024 18:12:44-debug: run package(ohos) handler(enable) success!
4-16-2024 18:12:44-debug: run package(openharmony) handler(enable) start
4-16-2024 18:12:44-debug: run package(openharmony) handler(enable) success!
4-16-2024 18:12:44-debug: run package(oppo-mini-game) handler(enable) start
4-16-2024 18:12:44-debug: run package(oppo-mini-game) handler(enable) success!
4-16-2024 18:12:44-debug: run package(runtime-dev-tools) handler(enable) start
4-16-2024 18:12:44-debug: run package(runtime-dev-tools) handler(enable) success!
4-16-2024 18:12:44-debug: run package(taobao-creative-app) handler(enable) start
4-16-2024 18:12:44-debug: run package(taobao-creative-app) handler(enable) success!
4-16-2024 18:12:44-debug: run package(taobao-mini-game) handler(enable) start
4-16-2024 18:12:44-debug: run package(taobao-mini-game) handler(enable) success!
4-16-2024 18:12:44-debug: run package(vivo-mini-game) handler(enable) start
4-16-2024 18:12:44-debug: run package(vivo-mini-game) handler(enable) success!
4-16-2024 18:12:44-debug: run package(web-desktop) handler(enable) start
4-16-2024 18:12:44-debug: run package(web-desktop) handler(enable) success!
4-16-2024 18:12:44-debug: run package(ios) handler(enable) success!
4-16-2024 18:12:44-debug: run package(web-mobile) handler(enable) success!
4-16-2024 18:12:44-debug: run package(wechatgame) handler(enable) start
4-16-2024 18:12:44-debug: run package(wechatgame) handler(enable) success!
4-16-2024 18:12:44-debug: run package(wechatprogram) handler(enable) start
4-16-2024 18:12:44-debug: run package(wechatprogram) handler(enable) success!
4-16-2024 18:12:44-debug: run package(windows) handler(enable) start
4-16-2024 18:12:44-debug: run package(windows) handler(enable) success!
4-16-2024 18:12:44-debug: run package(xiaomi-quick-game) handler(enable) start
4-16-2024 18:12:44-debug: run package(xiaomi-quick-game) handler(enable) success!
4-16-2024 18:12:44-debug: run package(cocos-service) handler(enable) start
4-16-2024 18:12:44-debug: run package(cocos-service) handler(enable) success!
4-16-2024 18:12:44-debug: run package(im-plugin) handler(enable) start
4-16-2024 18:12:44-debug: run package(linux) handler(enable) start
4-16-2024 18:12:44-debug: run package(fix-device) handler(enable) start
4-16-2024 18:12:44-debug: run package(fix-device) handler(enable) success!
4-16-2024 18:12:44-debug: run package(colyseus-sdk) handler(enable) start
4-16-2024 18:12:44-debug: run package(colyseus-sdk) handler(enable) success!
4-16-2024 18:12:44-debug: run package(placeholder) handler(enable) start
4-16-2024 18:12:44-debug: run package(placeholder) handler(enable) success!
4-16-2024 18:12:44-debug: run package(im-plugin) handler(enable) success!
4-16-2024 18:12:44-debug: run package(web-mobile) handler(enable) start
4-16-2024 18:12:44-debug: run package(mac) handler(enable) start
4-16-2024 18:12:44-debug: asset-db:worker-init: initPlugin (2439ms)
4-16-2024 18:12:44-debug: [Assets Memory track]: asset-db:worker-init start:21.21MB, end 239.99MB, increase: 218.78MB
4-16-2024 18:12:44-debug: Run asset db hook engine-extends:beforePreStart success!
4-16-2024 18:12:44-debug: Run asset db hook programming:beforePreStart success!
4-16-2024 18:12:44-debug: Run asset db hook engine-extends:beforePreStart ...
4-16-2024 18:12:44-debug: Run asset db hook programming:beforePreStart ...
4-16-2024 18:12:44-debug: asset-db:worker-init (4439ms)
4-16-2024 18:12:44-debug: asset-db-hook-engine-extends-beforePreStart (253ms)
4-16-2024 18:12:44-debug: asset-db-hook-programming-beforePreStart (253ms)
4-16-2024 18:12:44-debug: Preimport db internal success
4-16-2024 18:12:44-debug: Preimport db assets success
4-16-2024 18:12:44-debug: Preimport db colyseus-sdk success
4-16-2024 18:12:44-debug: starting packer-driver...
4-16-2024 18:12:44-debug: Run asset db hook programming:afterPreStart ...
4-16-2024 18:12:46-debug: initialize scripting environment...
4-16-2024 18:12:46-debug: Set detail map pack:///resolution-detail-map.json: {}
4-16-2024 18:12:46-debug: [Assets Memory track]: asset-db:worker-init: preStart start:239.99MB, end 255.07MB, increase: 15.07MB
4-16-2024 18:12:46-debug: Start up the 'internal' database...
4-16-2024 18:12:46-debug: Run asset db hook engine-extends:afterPreStart success!
4-16-2024 18:12:46-debug: Run asset db hook programming:afterPreStart success!
4-16-2024 18:12:46-debug: Run asset db hook engine-extends:afterPreStart ...
4-16-2024 18:12:46-debug: asset-db-hook-programming-afterPreStart (1327ms)
4-16-2024 18:12:46-debug: asset-db:worker-effect-data-processing (17ms)
4-16-2024 18:12:46-debug: asset-db-hook-engine-extends-afterPreStart (17ms)
4-16-2024 18:12:46-debug: Start up the 'assets' database...
4-16-2024 18:12:46-debug: asset-db:worker-startup-database[internal] (1465ms)
4-16-2024 18:12:46-debug: [Assets Memory track]: asset-db:worker-startup-database[assets] start:254.75MB, end 256.00MB, increase: 1.25MB
4-16-2024 18:12:46-debug: Start up the 'colyseus-sdk' database...
4-16-2024 18:12:46-debug: asset-db:worker-startup-database[assets] (1467ms)
4-16-2024 18:12:46-debug: [Assets Memory track]: asset-db:worker-startup-database[colyseus-sdk] start:252.47MB, end 256.02MB, increase: 3.55MB
4-16-2024 18:12:46-debug: asset-db:worker-startup-database[colyseus-sdk] (1461ms)
4-16-2024 18:12:46-debug: asset-db:start-database (1738ms)
4-16-2024 18:12:46-debug: asset-db:ready (7523ms)
4-16-2024 18:12:46-debug: init worker message success
4-16-2024 18:12:46-debug: programming:execute-script (4ms)
4-16-2024 18:12:46-debug: [Build Memory track]: builder:worker-init start:261.58MB, end 268.24MB, increase: 6.66MB
4-16-2024 18:12:46-debug: builder:worker-init (400ms)
4-16-2024 18:12:48-debug: Query all assets info in project
4-16-2024 18:12:48-debug: init custom config: keepNodeUuid: false, useCache: true
4-16-2024 18:12:48-debug:   Number of all scenes: 2
4-16-2024 18:12:48-debug:   Number of other assets: 1500
4-16-2024 18:12:48-debug:   Number of all scripts: 6
4-16-2024 18:12:48-debug: Query asset bundle start, progress: 0%
4-16-2024 18:12:48-debug: // ---- build task Query asset bundle ----
4-16-2024 18:12:48-debug: Query preload assets from cc.config.json: 60f7195c-ec2a-45eb-ba94-8955f60e81d0,1c02ae6f-4492-4915-b8f8-7492a3b1e4cd,810e96e4-e456-4468-9b59-f4e8f39732c0,efe8e2a3-eace-427b-b4f1-cb8a937ec77d,e9aa9a3e-5b2b-4ac7-a2c7-073de2b2b24f,8bbdbcdd-5cd4-4100-b6d5-b7c9625b6107,50f4348b-c883-4e2f-8f11-ce233b859fa1,fda095cb-831d-4601-ad94-846013963de8,f92806d7-1768-443f-afe8-12bcde84d0f0,dd3a144d-ab7f-41f0-82b8-2e43a090d496,f0416e68-0200-4b77-a926-4f9d16e494da,970b0598-bcb0-4714-91fb-2e81440dccd8,bcd64cc6-2dd9-43f6-abbe-66318d332032,d930590d-bb92-4cc8-8bd1-23cd027f9edf,a3cd009f-0ab0-420d-9278-b9fdab939bbc,c27215d8-6835-4b68-bfbb-bdeac6100c04,b5d6115f-0370-4d7c-aad3-c194cc71cf98,871c3b6c-7379-419d-bda3-794b239ab90d
4-16-2024 18:12:48-debug: // ---- build task Query asset bundle ---- (38ms)
4-16-2024 18:12:48-debug: run build task Query asset bundle success in 38 ms√, progress: 5%
4-16-2024 18:12:48-debug: [Build Memory track]: Query asset bundle start:276.42MB, end 275.50MB, increase: -944.36KB
4-16-2024 18:12:48-debug: Query asset bundle start, progress: 5%
4-16-2024 18:12:48-debug: // ---- build task Query asset bundle ----
4-16-2024 18:12:48-debug: // ---- build task Query asset bundle ---- (1ms)
4-16-2024 18:12:48-debug: [Build Memory track]: Query asset bundle start:275.50MB, end 275.52MB, increase: 11.02KB
4-16-2024 18:12:48-debug: Sort some build options to settings.json start, progress: 10%
4-16-2024 18:12:48-debug: // ---- build task Sort some build options to settings.json ----
4-16-2024 18:12:48-debug: run build task Query asset bundle success in 1 ms√, progress: 10%
4-16-2024 18:12:48-debug: run build task Sort some build options to settings.json success in √, progress: 12%
4-16-2024 18:12:48-debug: Fill script data to settings start, progress: 12%
4-16-2024 18:12:48-debug: [Build Memory track]: Sort some build options to settings.json start:275.52MB, end 275.54MB, increase: 13.52KB
4-16-2024 18:12:48-debug: // ---- build task Fill script data to settings ----
4-16-2024 18:12:48-debug: run build task Fill script data to settings success in √, progress: 13%
4-16-2024 18:12:48-debug: [Build Memory track]: Fill script data to settings start:275.55MB, end 275.56MB, increase: 10.37KB
4-16-2024 18:12:48-debug: Sort some build options to settings.json start, progress: 13%
4-16-2024 18:12:48-debug: // ---- build task Sort some build options to settings.json ----
4-16-2024 18:12:48-debug: // ---- build task Sort some build options to settings.json ---- (2ms)
4-16-2024 18:12:48-debug: [Build Memory track]: Sort some build options to settings.json start:275.56MB, end 275.68MB, increase: 117.25KB
4-16-2024 18:12:48-debug: run build task Sort some build options to settings.json success in 2 ms√, progress: 15%
4-16-2024 18:12:48-debug: Query all assets info in project
4-16-2024 18:12:48-debug: init custom config: keepNodeUuid: false, useCache: true
4-16-2024 18:12:49-debug:   Number of all scenes: 2
4-16-2024 18:12:49-debug:   Number of all scripts: 6
4-16-2024 18:12:49-debug:   Number of other assets: 1500
4-16-2024 18:12:49-debug: Query asset bundle start, progress: 0%
4-16-2024 18:12:49-debug: // ---- build task Query asset bundle ----
4-16-2024 18:12:49-debug: Query preload assets from cc.config.json: 60f7195c-ec2a-45eb-ba94-8955f60e81d0,1c02ae6f-4492-4915-b8f8-7492a3b1e4cd,810e96e4-e456-4468-9b59-f4e8f39732c0,efe8e2a3-eace-427b-b4f1-cb8a937ec77d,e9aa9a3e-5b2b-4ac7-a2c7-073de2b2b24f,8bbdbcdd-5cd4-4100-b6d5-b7c9625b6107,50f4348b-c883-4e2f-8f11-ce233b859fa1,fda095cb-831d-4601-ad94-846013963de8,f92806d7-1768-443f-afe8-12bcde84d0f0,dd3a144d-ab7f-41f0-82b8-2e43a090d496,f0416e68-0200-4b77-a926-4f9d16e494da,970b0598-bcb0-4714-91fb-2e81440dccd8,bcd64cc6-2dd9-43f6-abbe-66318d332032,d930590d-bb92-4cc8-8bd1-23cd027f9edf,a3cd009f-0ab0-420d-9278-b9fdab939bbc,c27215d8-6835-4b68-bfbb-bdeac6100c04,b5d6115f-0370-4d7c-aad3-c194cc71cf98,871c3b6c-7379-419d-bda3-794b239ab90d
4-16-2024 18:12:49-debug: // ---- build task Query asset bundle ---- (37ms)
4-16-2024 18:12:49-debug: run build task Query asset bundle success in 37 ms√, progress: 5%
4-16-2024 18:12:49-debug: [Build Memory track]: Query asset bundle start:274.72MB, end 279.27MB, increase: 4.55MB
4-16-2024 18:12:49-debug: Query asset bundle start, progress: 5%
4-16-2024 18:12:49-debug: // ---- build task Query asset bundle ----
4-16-2024 18:12:49-debug: // ---- build task Query asset bundle ---- (1ms)
4-16-2024 18:12:49-debug: [Build Memory track]: Query asset bundle start:279.28MB, end 279.29MB, increase: 13.11KB
4-16-2024 18:12:49-debug: run build task Query asset bundle success in 1 ms√, progress: 10%
4-16-2024 18:12:49-debug: Sort some build options to settings.json start, progress: 10%
4-16-2024 18:12:49-debug: // ---- build task Sort some build options to settings.json ----
4-16-2024 18:12:49-debug: run build task Sort some build options to settings.json success in √, progress: 12%
4-16-2024 18:12:49-debug: [Build Memory track]: Sort some build options to settings.json start:279.30MB, end 279.31MB, increase: 9.96KB
4-16-2024 18:12:49-debug: Fill script data to settings start, progress: 12%
4-16-2024 18:12:49-debug: // ---- build task Fill script data to settings ----
4-16-2024 18:12:49-debug: // ---- build task Fill script data to settings ---- (1ms)
4-16-2024 18:12:49-debug: run build task Fill script data to settings success in 1 ms√, progress: 13%
4-16-2024 18:12:49-debug: [Build Memory track]: Fill script data to settings start:279.32MB, end 279.33MB, increase: 13.92KB
4-16-2024 18:12:49-debug: // ---- build task Sort some build options to settings.json ----
4-16-2024 18:12:49-debug: Sort some build options to settings.json start, progress: 13%
4-16-2024 18:12:49-debug: // ---- build task Sort some build options to settings.json ---- (4ms)
4-16-2024 18:12:49-debug: run build task Sort some build options to settings.json success in 4 ms√, progress: 15%
4-16-2024 18:12:49-debug: [Build Memory track]: Sort some build options to settings.json start:279.34MB, end 279.46MB, increase: 122.69KB
4-16-2024 18:12:49-debug: programming:execute-script (38ms)
4-16-2024 18:12:52-debug: refresh db internal success
4-16-2024 18:12:52-debug: refresh db assets success
4-16-2024 18:12:52-debug: refresh db colyseus-sdk success
4-16-2024 18:12:52-debug: Run asset db hook engine-extends:afterRefresh success!
4-16-2024 18:12:52-debug: Run asset db hook engine-extends:afterRefresh ...
4-16-2024 18:12:52-debug: asset-db:refresh-all-database (68ms)
4-16-2024 18:12:52-debug: asset-db:worker-effect-data-processing (1ms)
4-16-2024 18:12:52-debug: asset-db-hook-engine-extends-afterRefresh (1ms)
4-16-2024 18:13:04-debug: refresh db internal success
4-16-2024 18:13:04-debug: %cImport%c: /Users/waostudio/Downloads/Telegram Desktop/TigerDragon4/assets/Scripts/GameController.tsbackground: #aaff85; color: #000;color: #000;
4-16-2024 18:13:04-debug: %cImport%c: /Users/waostudio/Downloads/Telegram Desktop/TigerDragon4/assets/Scripts/NetworkConnect.tsbackground: #aaff85; color: #000;color: #000;
4-16-2024 18:13:04-debug: refresh db assets success
4-16-2024 18:13:04-debug: refresh db colyseus-sdk success
4-16-2024 18:13:04-debug: Run asset db hook engine-extends:afterRefresh success!
4-16-2024 18:13:04-debug: Run asset db hook engine-extends:afterRefresh ...
4-16-2024 18:13:04-debug: asset-db:refresh-all-database (164ms)
4-16-2024 18:13:04-debug: asset-db:worker-effect-data-processing (1ms)
4-16-2024 18:13:04-debug: asset-db-hook-engine-extends-afterRefresh (1ms)
4-16-2024 18:13:05-debug: Query all assets info in project
4-16-2024 18:13:05-debug: init custom config: keepNodeUuid: false, useCache: true
4-16-2024 18:13:06-debug:   Number of all scenes: 2
4-16-2024 18:13:06-debug:   Number of all scripts: 6
4-16-2024 18:13:06-debug:   Number of other assets: 1500
4-16-2024 18:13:06-debug: Query asset bundle start, progress: 0%
4-16-2024 18:13:06-debug: // ---- build task Query asset bundle ----
4-16-2024 18:13:06-debug: Query preload assets from cc.config.json: 60f7195c-ec2a-45eb-ba94-8955f60e81d0,1c02ae6f-4492-4915-b8f8-7492a3b1e4cd,810e96e4-e456-4468-9b59-f4e8f39732c0,efe8e2a3-eace-427b-b4f1-cb8a937ec77d,e9aa9a3e-5b2b-4ac7-a2c7-073de2b2b24f,8bbdbcdd-5cd4-4100-b6d5-b7c9625b6107,50f4348b-c883-4e2f-8f11-ce233b859fa1,fda095cb-831d-4601-ad94-846013963de8,f92806d7-1768-443f-afe8-12bcde84d0f0,dd3a144d-ab7f-41f0-82b8-2e43a090d496,f0416e68-0200-4b77-a926-4f9d16e494da,970b0598-bcb0-4714-91fb-2e81440dccd8,bcd64cc6-2dd9-43f6-abbe-66318d332032,d930590d-bb92-4cc8-8bd1-23cd027f9edf,a3cd009f-0ab0-420d-9278-b9fdab939bbc,c27215d8-6835-4b68-bfbb-bdeac6100c04,b5d6115f-0370-4d7c-aad3-c194cc71cf98,871c3b6c-7379-419d-bda3-794b239ab90d
4-16-2024 18:13:06-debug: // ---- build task Query asset bundle ---- (30ms)
4-16-2024 18:13:06-debug: // ---- build task Query asset bundle ----
4-16-2024 18:13:06-debug: [Build Memory track]: Query asset bundle start:205.78MB, end 203.45MB, increase: -2394.06KB
4-16-2024 18:13:06-debug: Query asset bundle start, progress: 5%
4-16-2024 18:13:06-debug: run build task Query asset bundle success in 30 ms√, progress: 5%
4-16-2024 18:13:06-debug: // ---- build task Query asset bundle ---- (1ms)
4-16-2024 18:13:06-debug: run build task Query asset bundle success in 1 ms√, progress: 10%
4-16-2024 18:13:06-debug: [Build Memory track]: Query asset bundle start:203.46MB, end 203.47MB, increase: 12.53KB
4-16-2024 18:13:06-debug: Sort some build options to settings.json start, progress: 10%
4-16-2024 18:13:06-debug: // ---- build task Sort some build options to settings.json ----
4-16-2024 18:13:06-debug: run build task Sort some build options to settings.json success in √, progress: 12%
4-16-2024 18:13:06-debug: // ---- build task Fill script data to settings ----
4-16-2024 18:13:06-debug: Fill script data to settings start, progress: 12%
4-16-2024 18:13:06-debug: [Build Memory track]: Sort some build options to settings.json start:203.48MB, end 203.49MB, increase: 11.39KB
4-16-2024 18:13:06-debug: run build task Fill script data to settings success in √, progress: 13%
4-16-2024 18:13:06-debug: // ---- build task Sort some build options to settings.json ----
4-16-2024 18:13:06-debug: Sort some build options to settings.json start, progress: 13%
4-16-2024 18:13:06-debug: [Build Memory track]: Fill script data to settings start:203.50MB, end 203.50MB, increase: 8.67KB
4-16-2024 18:13:06-debug: // ---- build task Sort some build options to settings.json ---- (2ms)
4-16-2024 18:13:06-debug: run build task Sort some build options to settings.json success in 2 ms√, progress: 15%
4-16-2024 18:13:06-debug: [Build Memory track]: Sort some build options to settings.json start:203.51MB, end 203.63MB, increase: 124.62KB
